#
# A fatal error has been detected by the Java Runtime Environment:
#
#  SIGSEGV (0xb) at pc=0x00007f6c556e938a, pid=9217, tid=140103126701824
#
# JRE version: 6.0_22-b22
# Java VM: OpenJDK 64-Bit Server VM (20.0-b11 mixed mode linux-amd64 compressed oops)
# Derivative: IcedTea6 1.10.1
# Distribution: Ubuntu Natty (development branch), package 6b22-1.10.1-0ubuntu1
# Problematic frame:
# C  [libpango-1.0.so.0+0x1e38a]  pango_layout_new+0x2a
#
# If you would like to submit a bug report, please include
# instructions how to reproduce the bug and visit:
#   https://bugs.launchpad.net/ubuntu/+source/openjdk-6/
# The crash happened outside the Java Virtual Machine in native code.
# See problematic frame for where to report the bug.
#

---------------  T H R E A D  ---------------

Current thread (0x00000000018a8800):  JavaThread "Thread-0" [_thread_in_native, id=9244, stack(0x00007f6c4d095000,0x00007f6c4d196000)]

siginfo:si_signo=SIGSEGV: si_errno=0, si_code=1 (SEGV_MAPERR), si_addr=0x0000000000000018

Registers:
RAX=0x0000000000000000, RBX=0x00007f6c5845c680, RCX=0x00007f6c5831b9a0, RDX=0x00007f6c56754808
RSP=0x00007f6c4d192b60, RBP=0x000000000579d1e0, RSI=0x0000000000000000, RDI=0x00007f6c5845c680
R8 =0x00007f6c56754808, R9 =0x000000000000241c, R10=0x0000000000000001, R11=0x0000000000000020
R12=0x00007f6c583d8460, R13=0x0000000000000002, R14=0x0000000000000001, R15=0x0000000000000000
RIP=0x00007f6c556e938a, EFLAGS=0x0000000000010206, CSGSFS=0x0000000000000033, ERR=0x0000000000000006
  TRAPNO=0x000000000000000e

Top of Stack: (sp=0x00007f6c4d192b60)
0x00007f6c4d192b60:   0000000000000002 00007f6c5929bf90
0x00007f6c4d192b70:   000000000579d1e0 00007f6c51722cf0
0x00007f6c4d192b80:   0000000000000002 000000000579d1e0
0x00007f6c4d192b90:   000000000579d218 00007f6c515f651d
0x00007f6c4d192ba0:   00007f6c581e4580 00007f6c581e4588
0x00007f6c4d192bb0:   00007f6c58173d30 00007f6c58000020
0x00007f6c4d192bc0:   00007f6c583d8030 00007f6c581e4588
0x00007f6c4d192bd0:   00007f6c58173d30 00007f6c56539fb4
0x00007f6c4d192be0:   0000000000000000 00007f6c61c6e8e3
0x00007f6c4d192bf0:   000000000579d1e0 00007f6c5849ae70
0x00007f6c4d192c00:   000000000579d1e0 00007f6c515f3a51
0x00007f6c4d192c10:   00007f6c581e4580 000000000579d1e0
0x00007f6c4d192c20:   000000000579d218 00007f6c583d8460
0x00007f6c4d192c30:   0000000000000002 000000000579d2a0
0x00007f6c4d192c40:   0000000000000000 00007f6c515f80ed
0x00007f6c4d192c50:   00007f6c583d8460 00007f6c515f80a0
0x00007f6c4d192c60:   00007f6c583d8460 00007f6c5653b835
0x00007f6c4d192c70:   00007f6c5818af90 00007f6c5818af90
0x00007f6c4d192c80:   0000000000000001 00007f6c583d8460
0x00007f6c4d192c90:   0000000000000002 00007f6c4d192de0
0x00007f6c4d192ca0:   0000000000000000 00007f6c56513765
0x00007f6c4d192cb0:   000000000579d1e0 00007f6c5849ae70
0x00007f6c4d192cc0:   000000000579d1e0 00007f6c515f3a51
0x00007f6c4d192cd0:   00007f6c583d8000 000000000579d1e0
0x00007f6c4d192ce0:   0000000040008006 00007f6c583d8000
0x00007f6c4d192cf0:   0000000000000002 00007f6c4d192e50
0x00007f6c4d192d00:   0000000000000000 00007f6c5818aac0
0x00007f6c4d192d10:   0000000000000000 00007f6c62399d70
0x00007f6c4d192d20:   00007f6c562fe7e0 0000000000000000
0x00007f6c4d192d30:   00007f6c585ae828 00007f6c565247e3
0x00007f6c4d192d40:   0000000000000001 00007f6c56512f1c
0x00007f6c4d192d50:   00007f6c4d192e20 00007f6c4d192dd0 

Instructions: (pc=0x00007f6c556e938a)
0x00007f6c556e936a:   48 83 ec 18 48 85 ff 48 89 fb 74 3a e8 55 ff ff
0x00007f6c556e937a:   ff 31 f6 48 89 c7 31 c0 e8 59 e9 fe ff 48 89 df
0x00007f6c556e938a:   48 89 58 18 48 89 c5 e8 8a e9 fe ff 48 89 e8 48
0x00007f6c556e939a:   8b 5c 24 08 48 8b 6c 24 10 48 83 c4 18 c3 0f 1f 

Register to memory mapping:

RAX=0x0000000000000000 is an unknown value
RBX=0x00007f6c5845c680 is an unknown value
RCX=0x00007f6c5831b9a0 is an unknown value
RDX=0x00007f6c56754808: <offset 0x24f808> in /usr/lib/x86_64-linux-gnu/libgobject-2.0.so.0 at 0x00007f6c56505000
RSP=0x00007f6c4d192b60 is pointing into the stack for thread: 0x00000000018a8800
RBP=0x000000000579d1e0 is an unknown value
RSI=0x0000000000000000 is an unknown value
RDI=0x00007f6c5845c680 is an unknown value
R8 =0x00007f6c56754808: <offset 0x24f808> in /usr/lib/x86_64-linux-gnu/libgobject-2.0.so.0 at 0x00007f6c56505000
R9 =0x000000000000241c is an unknown value
R10=0x0000000000000001 is an unknown value
R11=0x0000000000000020 is an unknown value
R12=0x00007f6c583d8460 is an unknown value
R13=0x0000000000000002 is an unknown value
R14=0x0000000000000001 is an unknown value
R15=0x0000000000000000 is an unknown value


Stack: [0x00007f6c4d095000,0x00007f6c4d196000],  sp=0x00007f6c4d192b60,  free space=1014k
Native frames: (J=compiled Java code, j=interpreted, Vv=VM code, C=native code)
C  [libpango-1.0.so.0+0x1e38a]  pango_layout_new+0x2a

Java frames: (J=compiled Java code, j=interpreted, Vv=VM code)
j  org.eclipse.equinox.launcher.JNIBridge._takedown_splash()V+0
j  org.eclipse.equinox.launcher.JNIBridge.takeDownSplash()Z+1
j  org.eclipse.equinox.launcher.Main.takeDownSplash()V+20
j  org.eclipse.equinox.launcher.Main$SplashHandler.run()V+4
v  ~StubRoutines::call_stub

---------------  P R O C E S S  ---------------

Java Threads: ( => current thread )
=>0x00000000018a8800 JavaThread "Thread-0" [_thread_in_native, id=9244, stack(0x00007f6c4d095000,0x00007f6c4d196000)]
  0x0000000005380800 JavaThread "SIGINT handler" daemon [_thread_blocked, id=9242, stack(0x00007f6c4d196000,0x00007f6c4d297000)]
  0x00007f6c59ed9000 JavaThread "org.eclipse.jdt.internal.ui.text.JavaReconciler" daemon [_thread_in_Java, id=9241, stack(0x00007f6c4d2d0000,0x00007f6c4d3d1000)]
  0x00007f6c59cfc800 JavaThread "Java indexing" daemon [_thread_blocked, id=9239, stack(0x00007f6c4da29000,0x00007f6c4db2a000)]
  0x00007f6c59266000 JavaThread "Thread-2" [_thread_blocked, id=9238, stack(0x00007f6c4f304000,0x00007f6c4f405000)]
  0x00007f6c58529800 JavaThread "Thread-1" [_thread_blocked, id=9237, stack(0x00007f6c4dd8a000,0x00007f6c4de8b000)]
  0x00007f6c5846b800 JavaThread "Worker-0" [_thread_blocked, id=9236, stack(0x00007f6c4e071000,0x00007f6c4e172000)]
  0x0000000000d1a000 JavaThread "[Timer] - Main Queue Handler" daemon [_thread_blocked, id=9235, stack(0x00007f6c4f203000,0x00007f6c4f304000)]
  0x00007f6c5824e000 JavaThread "Framework Event Dispatcher" daemon [_thread_blocked, id=9233, stack(0x00007f6c4f418000,0x00007f6c4f519000)]
  0x00007f6c5820c800 JavaThread "Start Level Event Dispatcher" daemon [_thread_blocked, id=9232, stack(0x00007f6c4f519000,0x00007f6c4f61a000)]
  0x00007f6c58228000 JavaThread "State Data Manager" daemon [_thread_blocked, id=9231, stack(0x00007f6c4f61a000,0x00007f6c4f71b000)]
  0x00007f6c58085000 JavaThread "Low Memory Detector" daemon [_thread_blocked, id=9229, stack(0x00007f6c56a77000,0x00007f6c56b78000)]
  0x00007f6c58082000 JavaThread "C2 CompilerThread1" daemon [_thread_blocked, id=9228, stack(0x00007f6c56b78000,0x00007f6c56c79000)]
  0x00007f6c5807f000 JavaThread "C2 CompilerThread0" daemon [_thread_blocked, id=9227, stack(0x00007f6c56c79000,0x00007f6c56d7a000)]
  0x00007f6c5807e000 JavaThread "Signal Dispatcher" daemon [_thread_blocked, id=9226, stack(0x00007f6c56d7a000,0x00007f6c56e7b000)]
  0x00007f6c5805f000 JavaThread "Finalizer" daemon [_thread_blocked, id=9225, stack(0x00007f6c57668000,0x00007f6c57769000)]
  0x00007f6c5805d000 JavaThread "Reference Handler" daemon [_thread_blocked, id=9224, stack(0x00007f6c57769000,0x00007f6c5786a000)]
  0x0000000000bb0800 JavaThread "main" [_thread_in_native, id=9218, stack(0x00007f6c628bb000,0x00007f6c629bc000)]

Other Threads:
  0x00007f6c58056000 VMThread [stack: 0x00007f6c5786a000,0x00007f6c5796b000] [id=9223]
  0x00007f6c58087800 WatcherThread [stack: 0x00007f6c56976000,0x00007f6c56a77000] [id=9230]

VM state:not at safepoint (normal execution)

VM Mutex/Monitor currently owned by a thread: None

Heap
 PSYoungGen      total 70976K, used 59304K [0x00000000f5560000, 0x00000000fa000000, 0x0000000100000000)
  eden space 65536K, 82% used [0x00000000f5560000,0x00000000f89fd308,0x00000000f9560000)
  from space 5440K, 99% used [0x00000000f9ab0000,0x00000000f9ffd038,0x00000000fa000000)
  to   space 5440K, 0% used [0x00000000f9560000,0x00000000f9560000,0x00000000f9ab0000)
 PSOldGen        total 87424K, used 4943K [0x00000000e0000000, 0x00000000e5560000, 0x00000000f5560000)
  object space 87424K, 5% used [0x00000000e0000000,0x00000000e04d3f28,0x00000000e5560000)
 PSPermGen       total 51392K, used 51270K [0x00000000d0000000, 0x00000000d3230000, 0x00000000e0000000)
  object space 51392K, 99% used [0x00000000d0000000,0x00000000d3211940,0x00000000d3230000)

Code Cache  [0x00007f6c5c7ad000, 0x00007f6c5ca1d000, 0x00007f6c5f7ad000)
 total_blobs=748 nmethods=253 adapters=449 free_code_cache=48876224 largest_free_block=7872

Dynamic libraries:
00400000-00409000 r-xp 00000000 08:05 24580                              /usr/lib/jvm/java-6-openjdk/jre/bin/java
00608000-00609000 r--p 00008000 08:05 24580                              /usr/lib/jvm/java-6-openjdk/jre/bin/java
00609000-0060a000 rw-p 00009000 08:05 24580                              /usr/lib/jvm/java-6-openjdk/jre/bin/java
00ba5000-05d68000 rw-p 00000000 00:00 0                                  [heap]
d0000000-d3230000 rw-p 00000000 00:00 0 
d3230000-e0000000 rw-p 00000000 00:00 0 
e0000000-e5560000 rw-p 00000000 00:00 0 
e5560000-f5560000 rw-p 00000000 00:00 0 
f5560000-fa000000 rw-p 00000000 00:00 0 
fa000000-100000000 rw-p 00000000 00:00 0 
7f6c4d095000-7f6c4d098000 ---p 00000000 00:00 0 
7f6c4d098000-7f6c4d196000 rw-p 00000000 00:00 0 
7f6c4d196000-7f6c4d199000 ---p 00000000 00:00 0 
7f6c4d199000-7f6c4d297000 rw-p 00000000 00:00 0 
7f6c4d297000-7f6c4d299000 r--s 00006000 08:05 165308                     /usr/share/eclipse/plugins/org.eclipse.equinox.frameworkadmin_1.0.100.v20090520-1905.jar
7f6c4d299000-7f6c4d29b000 r--s 00003000 08:05 165370                     /usr/share/eclipse/plugins/org.eclipse.equinox.simpleconfigurator.manipulator_1.0.101.R35x_v20100209.jar
7f6c4d29b000-7f6c4d2a3000 r--s 00044000 08:05 165284                     /usr/share/eclipse/plugins/org.eclipse.debug.core_3.5.1.v20091103_r352.jar
7f6c4d2a3000-7f6c4d2a7000 r--s 00041000 08:05 166974                     /usr/lib/eclipse/plugins/org.eclipse.jdt.launching_3.5.1.v20100108_r352.jar
7f6c4d2a7000-7f6c4d2c1000 r--s 00123000 08:05 165394                     /usr/share/eclipse/plugins/org.eclipse.team.ui_3.5.0.I20090430-0408.jar
7f6c4d2c1000-7f6c4d2c5000 r--s 0001c000 08:05 167067                     /usr/lib/eclipse/plugins/org.eclipse.ui.views.log_1.0.100.v20090731.jar
7f6c4d2c5000-7f6c4d2d0000 r--s 00070000 08:05 166988                     /usr/lib/eclipse/plugins/org.eclipse.jdt.junit_3.5.2.r352_v20100113-0800.jar
7f6c4d2d0000-7f6c4d2d3000 ---p 00000000 00:00 0 
7f6c4d2d3000-7f6c4d3d1000 rw-p 00000000 00:00 0 
7f6c4d3d1000-7f6c4d3db000 r--s 00062000 08:05 165387                     /usr/share/eclipse/plugins/org.eclipse.ltk.ui.refactoring_3.4.101.r352_v20100209.jar
7f6c4d3db000-7f6c4d412000 r--p 00000000 08:05 537252                     /usr/share/fonts/truetype/ttf-dejavu/DejaVuSansMono-BoldOblique.ttf
7f6c4d412000-7f6c4d44b000 r--p 00000000 08:05 537253                     /usr/share/fonts/truetype/ttf-dejavu/DejaVuSansMono-Oblique.ttf
7f6c4d44b000-7f6c4d495000 r--p 00000000 08:05 521816                     /usr/share/fonts/truetype/ttf-dejavu/DejaVuSansMono-Bold.ttf
7f6c4d495000-7f6c4d49c000 r-xp 00000000 08:05 136424                     /usr/lib/gtk-2.0/2.10.0/immodules/im-xim.so
7f6c4d49c000-7f6c4d69b000 ---p 00007000 08:05 136424                     /usr/lib/gtk-2.0/2.10.0/immodules/im-xim.so
7f6c4d69b000-7f6c4d69c000 r--p 00006000 08:05 136424                     /usr/lib/gtk-2.0/2.10.0/immodules/im-xim.so
7f6c4d69c000-7f6c4d69d000 rw-p 00007000 08:05 136424                     /usr/lib/gtk-2.0/2.10.0/immodules/im-xim.so
7f6c4d69d000-7f6c4d6f6000 r--p 00000000 08:05 521856                     /usr/share/fonts/truetype/ubuntu-font-family/Ubuntu-BI.ttf
7f6c4d6f6000-7f6c4d756000 r--p 00000000 08:05 521860                     /usr/share/fonts/truetype/ubuntu-font-family/Ubuntu-RI.ttf
7f6c4d756000-7f6c4d75d000 r-xp 00000000 08:06 3683464                    /home/carcinoma/.eclipse/org.eclipse.platform_3.5.0_155965261/configuration/org.eclipse.osgi/bundles/235/1/.cp/libswt-atk-gtk-3557.so
7f6c4d75d000-7f6c4d95c000 ---p 00007000 08:06 3683464                    /home/carcinoma/.eclipse/org.eclipse.platform_3.5.0_155965261/configuration/org.eclipse.osgi/bundles/235/1/.cp/libswt-atk-gtk-3557.so
7f6c4d95c000-7f6c4d95d000 r--p 00006000 08:06 3683464                    /home/carcinoma/.eclipse/org.eclipse.platform_3.5.0_155965261/configuration/org.eclipse.osgi/bundles/235/1/.cp/libswt-atk-gtk-3557.so
7f6c4d95d000-7f6c4d95e000 rw-p 00007000 08:06 3683464                    /home/carcinoma/.eclipse/org.eclipse.platform_3.5.0_155965261/configuration/org.eclipse.osgi/bundles/235/1/.cp/libswt-atk-gtk-3557.so
7f6c4d95f000-7f6c4d962000 r--s 0001a000 08:05 165417                     /usr/share/eclipse/plugins/org.eclipse.ui.navigator.resources_3.4.1.M20090826-0800.jar
7f6c4d962000-7f6c4d966000 r--s 00021000 08:05 165402                     /usr/share/eclipse/plugins/org.eclipse.ui.console_3.4.0.v20090513.jar
7f6c4d966000-7f6c4d97f000 r--s 0011d000 08:05 166985                     /usr/lib/eclipse/plugins/org.eclipse.jdt.debug.ui_3.4.1.v20090811_r351.jar
7f6c4d97f000-7f6c4d986000 r--s 00044000 08:05 165385                     /usr/share/eclipse/plugins/org.eclipse.ltk.core.refactoring_3.5.0.v20090513-2000.jar
7f6c4d986000-7f6c4d9d9000 r--p 00000000 08:05 521855                     /usr/share/fonts/truetype/ubuntu-font-family/Ubuntu-B.ttf
7f6c4d9d9000-7f6c4d9dc000 r--s 00012000 08:05 165426                     /usr/share/eclipse/plugins/org.eclipse.ui.views_3.4.1.M20090826-0800.jar
7f6c4d9dc000-7f6c4d9e4000 r--s 00048000 08:05 167068                     /usr/lib/eclipse/plugins/org.eclipse.pde.api.tools.ui_1.0.101.v20090820.jar
7f6c4d9e4000-7f6c4d9ec000 r--s 00053000 08:05 165392                     /usr/share/eclipse/plugins/org.eclipse.team.core_3.5.1.r35x_20100113-0800.jar
7f6c4d9ec000-7f6c4d9ef000 r--s 00011000 08:05 166956                     /usr/lib/eclipse/plugins/org.eclipse.jdt.core.manipulation_1.3.0.v20090603.jar
7f6c4d9ef000-7f6c4d9f9000 r--s 00064000 08:05 165390                     /usr/share/eclipse/plugins/org.eclipse.search_3.5.1.r351_v20090708-0800.jar
7f6c4d9f9000-7f6c4da29000 r--s 00216000 08:05 165286                     /usr/share/eclipse/plugins/org.eclipse.debug.ui_3.5.2.v20091028_r352.jar
7f6c4da29000-7f6c4da2c000 ---p 00000000 00:00 0 
7f6c4da2c000-7f6c4db2a000 rw-p 00000000 00:00 0 
7f6c4db2a000-7f6c4db31000 r--s 000fb000 08:05 24503                      /usr/lib/jvm/java-6-openjdk/jre/lib/resources.jar
7f6c4db31000-7f6c4db5a000 r--s 00421000 08:05 166982                     /usr/lib/eclipse/plugins/org.eclipse.jdt.core_3.5.2.v_981_R35x.jar
7f6c4db5a000-7f6c4db6d000 r--s 000d4000 08:05 165379                     /usr/share/eclipse/plugins/org.eclipse.jface.text_3.5.2.r352_v20091118-0800.jar
7f6c4db6d000-7f6c4db72000 r--s 00035000 08:05 165396                     /usr/share/eclipse/plugins/org.eclipse.text_3.5.0.v20090513-2000.jar
7f6c4db72000-7f6c4db7d000 r--s 00079000 08:05 165404                     /usr/share/eclipse/plugins/org.eclipse.ui.editors_3.5.0.v20090527-2000.jar
7f6c4db7d000-7f6c4db89000 r-xp 00000000 08:06 3683466                    /home/carcinoma/.eclipse/org.eclipse.platform_3.5.0_155965261/configuration/org.eclipse.osgi/bundles/235/1/.cp/libswt-cairo-gtk-3557.so
7f6c4db89000-7f6c4dd88000 ---p 0000c000 08:06 3683466                    /home/carcinoma/.eclipse/org.eclipse.platform_3.5.0_155965261/configuration/org.eclipse.osgi/bundles/235/1/.cp/libswt-cairo-gtk-3557.so
7f6c4dd88000-7f6c4dd89000 r--p 0000b000 08:06 3683466                    /home/carcinoma/.eclipse/org.eclipse.platform_3.5.0_155965261/configuration/org.eclipse.osgi/bundles/235/1/.cp/libswt-cairo-gtk-3557.so
7f6c4dd89000-7f6c4dd8a000 rw-p 0000c000 08:06 3683466                    /home/carcinoma/.eclipse/org.eclipse.platform_3.5.0_155965261/configuration/org.eclipse.osgi/bundles/235/1/.cp/libswt-cairo-gtk-3557.so
7f6c4dd8a000-7f6c4dd8d000 ---p 00000000 00:00 0 
7f6c4dd8d000-7f6c4de8b000 rw-p 00000000 00:00 0 
7f6c4de8b000-7f6c4de8d000 r--s 0000c000 08:05 165258                     /usr/share/eclipse/plugins/org.eclipse.compare.core_3.5.0.I20090430-0408.jar
7f6c4de8d000-7f6c4de90000 r--s 00017000 08:05 165263                     /usr/share/eclipse/plugins/org.eclipse.core.filebuffers_3.5.0.v20090526-2000.jar
7f6c4de90000-7f6c4de91000 r--s 0000b000 08:05 166969                     /usr/lib/eclipse/plugins/org.eclipse.jdt.compiler.tool_1.0.100.v_981_R35x.jar
7f6c4de91000-7f6c4de93000 r--s 00022000 08:05 166989                     /usr/lib/eclipse/plugins/org.eclipse.jdt.compiler.apt_1.0.201.R35x_v20090925-1100.jar
7f6c4de93000-7f6c4de9e000 r--s 0007b000 08:05 165436                     /usr/share/eclipse/plugins/org.eclipse.ui.workbench.texteditor_3.5.1.r352_v20100105.jar
7f6c4de9e000-7f6c4df2d000 r--s 008a5000 08:05 166987                     /usr/lib/eclipse/plugins/org.eclipse.jdt.ui_3.5.2.r352_v20100106-0800.jar
7f6c4df2d000-7f6c4df30000 rw-s 00000000 00:04 2686990                    /SYSV00000000 (deleted)
7f6c4df30000-7f6c4df78000 r--s 00397000 08:05 167141                     /usr/lib/eclipse/plugins/org.eclipse.pde.ui_3.5.1.v201001121200.jar
7f6c4df78000-7f6c4df79000 r--s 00002000 08:05 166877                     /usr/lib/eclipse/plugins/org.eclipse.cvs_1.0.400.v201002111343.jar
7f6c4df79000-7f6c4df7b000 r--s 0000e000 08:05 167135                     /usr/lib/eclipse/plugins/org.eclipse.pde_3.4.100.v201002111343.jar
7f6c4df7b000-7f6c4df81000 r--s 0004c000 08:05 166745                     /usr/lib/eclipse/plugins/org.eclipse.help.base_3.4.0.v201002111343.jar
7f6c4df81000-7f6c4df83000 r--s 00008000 08:05 166978                     /usr/lib/eclipse/plugins/org.eclipse.jdt_3.5.2.v201002111343.jar
7f6c4df83000-7f6c4e01e000 r--p 00000000 08:05 521815                     /usr/share/fonts/truetype/ttf-dejavu/DejaVuSans.ttf
7f6c4e01e000-7f6c4e022000 r--s 00030000 08:05 165317                     /usr/share/eclipse/plugins/org.eclipse.help_3.4.1.v20090805_35x.jar
7f6c4e022000-7f6c4e02a000 r--s 00046000 08:05 165400                     /usr/share/eclipse/plugins/org.eclipse.ui.cheatsheets_3.3.200.v20090526.jar
7f6c4e02a000-7f6c4e02f000 r--s 00027000 08:05 165398                     /usr/share/eclipse/plugins/org.eclipse.ui.browser_3.2.301.v20091215_35x.jar
7f6c4e02f000-7f6c4e033000 r--s 00021000 08:05 167064                     /usr/lib/eclipse/plugins/org.eclipse.pde.runtime_3.4.100.v20090731.jar
7f6c4e033000-7f6c4e03d000 r--s 00065000 08:05 165320                     /usr/share/eclipse/plugins/org.eclipse.help.ui_3.4.1.v20090819_35x.jar
7f6c4e03d000-7f6c4e040000 r--s 00011000 08:05 166353                     /usr/lib/eclipse/plugins/org.eclipse.core.expressions_3.4.101.R35x_v20100209.jar
7f6c4e040000-7f6c4e043000 r--p 00000000 08:05 437359                     /usr/share/locale-langpack/de/LC_MESSAGES/atk10.mo
7f6c4e043000-7f6c4e061000 r--s 00549000 08:05 439631                     /usr/share/java/com.ibm.icu-4.0.1.1.jar
7f6c4e061000-7f6c4e069000 r--s 0003a000 08:05 166376                     /usr/lib/eclipse/plugins/org.eclipse.core.databinding.observable_1.2.0.M20090902-0800.jar
7f6c4e069000-7f6c4e071000 r--s 00035000 08:05 166355                     /usr/lib/eclipse/plugins/org.eclipse.jface.databinding_1.3.1.M20090826-0800.jar
7f6c4e071000-7f6c4e074000 ---p 00000000 00:00 0 
7f6c4e074000-7f6c4e172000 rw-p 00000000 00:00 0 
7f6c4e172000-7f6c4e175000 r--s 00012000 08:05 166382                     /usr/lib/eclipse/plugins/org.eclipse.core.contenttype_3.4.1.R35x_v20090826-0451.jar
7f6c4e175000-7f6c4e177000 r-xp 00000000 08:06 3683462                    /home/carcinoma/.eclipse/org.eclipse.platform_3.5.0_155965261/configuration/org.eclipse.osgi/bundles/233/1/.cp/os/linux/x86_64/liblocalfile_1_0_0.so
7f6c4e177000-7f6c4e376000 ---p 00002000 08:06 3683462                    /home/carcinoma/.eclipse/org.eclipse.platform_3.5.0_155965261/configuration/org.eclipse.osgi/bundles/233/1/.cp/os/linux/x86_64/liblocalfile_1_0_0.so
7f6c4e376000-7f6c4e377000 r--p 00001000 08:06 3683462                    /home/carcinoma/.eclipse/org.eclipse.platform_3.5.0_155965261/configuration/org.eclipse.osgi/bundles/233/1/.cp/os/linux/x86_64/liblocalfile_1_0_0.so
7f6c4e377000-7f6c4e378000 rw-p 00002000 08:06 3683462                    /home/carcinoma/.eclipse/org.eclipse.platform_3.5.0_155965261/configuration/org.eclipse.osgi/bundles/233/1/.cp/os/linux/x86_64/liblocalfile_1_0_0.so
7f6c4e378000-7f6c4e379000 r--s 00001000 08:05 166743                     /usr/lib/eclipse/plugins/org.eclipse.core.filesystem.linux.x86_64_1.1.0.R35x_v20091203-1235.jar
7f6c4e379000-7f6c4e37a000 r--s 00009000 08:05 165265                     /usr/share/eclipse/plugins/org.eclipse.core.filesystem_1.2.1.R35x_v20091203-1235.jar
7f6c4e37a000-7f6c4e37d000 r--s 0001a000 08:05 165269                     /usr/share/eclipse/plugins/org.eclipse.core.resources.compatibility_3.4.1.R35x_v20100113-0530.jar
7f6c4e37d000-7f6c4e387000 r--s 000a1000 08:05 166740                     /usr/lib/eclipse/plugins/org.eclipse.core.resources_3.5.2.R35x_v20091203-1235.jar
7f6c4e387000-7f6c4e389000 r--s 00016000 08:05 166340                     /usr/lib/eclipse/plugins/org.eclipse.update.configurator_3.3.0.v20090312.jar
7f6c4e389000-7f6c4e3ac000 r--s 001ca000 08:05 165412                     /usr/share/eclipse/plugins/org.eclipse.ui.ide_3.5.2.M20100113-0800.jar
7f6c4e3ac000-7f6c4e3b0000 r-xp 00000000 08:05 135820                     /usr/lib/gdk-pixbuf-2.0/2.10.0/loaders/libpixbufloader-png.so
7f6c4e3b0000-7f6c4e5b0000 ---p 00004000 08:05 135820                     /usr/lib/gdk-pixbuf-2.0/2.10.0/loaders/libpixbufloader-png.so
7f6c4e5b0000-7f6c4e5b1000 r--p 00004000 08:05 135820                     /usr/lib/gdk-pixbuf-2.0/2.10.0/loaders/libpixbufloader-png.so
7f6c4e5b1000-7f6c4e5b2000 rw-p 00005000 08:05 135820                     /usr/lib/gdk-pixbuf-2.0/2.10.0/loaders/libpixbufloader-png.so
7f6c4e5b2000-7f6c4e5b8000 r-xp 00000000 08:05 135814                     /usr/lib/gdk-pixbuf-2.0/2.10.0/loaders/libpixbufloader-gif.so
7f6c4e5b8000-7f6c4e7b7000 ---p 00006000 08:05 135814                     /usr/lib/gdk-pixbuf-2.0/2.10.0/loaders/libpixbufloader-gif.so
7f6c4e7b7000-7f6c4e7b8000 r--p 00005000 08:05 135814                     /usr/lib/gdk-pixbuf-2.0/2.10.0/loaders/libpixbufloader-gif.so
7f6c4e7b8000-7f6c4e7b9000 rw-p 00006000 08:05 135814                     /usr/lib/gdk-pixbuf-2.0/2.10.0/loaders/libpixbufloader-gif.so
7f6c4e7ba000-7f6c4e809000 r--p 00000000 08:05 521817                     /usr/share/fonts/truetype/ttf-dejavu/DejaVuSansMono.ttf
7f6c4e809000-7f6c4e861000 r--p 00000000 08:05 521859                     /usr/share/fonts/truetype/ubuntu-font-family/Ubuntu-R.ttf
7f6c4e861000-7f6c4e863000 r-xp 00000000 08:05 268752                     /usr/lib/x86_64-linux-gnu/pango/1.6.0/modules/pango-basic-fc.so
7f6c4e863000-7f6c4ea62000 ---p 00002000 08:05 268752                     /usr/lib/x86_64-linux-gnu/pango/1.6.0/modules/pango-basic-fc.so
7f6c4ea62000-7f6c4ea63000 r--p 00001000 08:05 268752                     /usr/lib/x86_64-linux-gnu/pango/1.6.0/modules/pango-basic-fc.so
7f6c4ea63000-7f6c4ea64000 rw-p 00002000 08:05 268752                     /usr/lib/x86_64-linux-gnu/pango/1.6.0/modules/pango-basic-fc.so
7f6c4ea64000-7f6c4ea65000 r--s 00000000 08:05 430038                     /var/cache/fontconfig/c05880de57d1f5e948fdfacc138775d9-le64.cache-3
7f6c4ea65000-7f6c4ea6e000 r--s 00000000 08:05 430035                     /var/cache/fontconfig/945677eb7aeaf62f1d50efc3fb3ec7d8-le64.cache-3
7f6c4ea6e000-7f6c4ea70000 r--s 00000000 08:05 430036                     /var/cache/fontconfig/99e8ed0e538f840c565b6ed5dad60d56-le64.cache-3
7f6c4ea70000-7f6c4ea73000 r--s 00000000 08:05 430046                     /var/cache/fontconfig/e383d7ea5fbe662a33d9b44caf393297-le64.cache-3
7f6c4ea73000-7f6c4ea75000 r--s 00000000 08:05 430023                     /var/cache/fontconfig/2cd17615ca594fa2959ae173292e504c-le64.cache-3
7f6c4ea75000-7f6c4ea76000 r--s 00000000 08:05 430047                     /var/cache/fontconfig/e7071f4a29fa870f4323321c154eba04-le64.cache-3
7f6c4ea76000-7f6c4ea7a000 r--s 00000000 08:05 430032                     /var/cache/fontconfig/6eb3985aa4124903f6ff08ba781cd364-le64.cache-3
7f6c4ea7a000-7f6c4ea7b000 r--s 00000000 08:05 430027                     /var/cache/fontconfig/4c73fe0c47614734b17d736dbde7580a-le64.cache-3
7f6c4ea7b000-7f6c4ea7c000 r--s 00000000 08:05 430020                     /var/cache/fontconfig/0d8c3b2ac0904cb8a57a757ad11a4a08-le64.cache-3
7f6c4ea7c000-7f6c4ea7d000 r--s 00000000 08:05 430030                     /var/cache/fontconfig/6a53c69dea097a2d716e069445527da8-le64.cache-3
7f6c4ea7d000-7f6c4ea83000 r--s 00000000 08:05 430037                     /var/cache/fontconfig/a755afe4a08bf5b97852ceb7400b47bc-le64.cache-3
7f6c4ea83000-7f6c4ea8c000 r--s 00000000 08:05 430045                     /var/cache/fontconfig/6d41288fd70b0be22e8c3a91e032eec0-le64.cache-3
7f6c4ea8c000-7f6c4ea9c000 r--s 00000000 08:05 430021                     /var/cache/fontconfig/0f34bcd4b6ee430af32735b75db7f02b-le64.cache-3
7f6c4ea9c000-7f6c4eaa6000 r--s 00000000 08:05 430042                     /var/cache/fontconfig/d52a8644073d54c13679302ca1180695-le64.cache-3
7f6c4eaa6000-7f6c4eaac000 r--s 00000000 08:05 442837                     /var/cache/fontconfig/105b9c7e6f0a4f82d8c9b6e39c52c6f9-le64.cache-3
7f6c4eaac000-7f6c4eab1000 r-xp 00000000 08:05 6455                       /usr/lib/libXtst.so.6.1.0
7f6c4eab1000-7f6c4ecb0000 ---p 00005000 08:05 6455                       /usr/lib/libXtst.so.6.1.0
7f6c4ecb0000-7f6c4ecb1000 r--p 00004000 08:05 6455                       /usr/lib/libXtst.so.6.1.0
7f6c4ecb1000-7f6c4ecb2000 rw-p 00005000 08:05 6455                       /usr/lib/libXtst.so.6.1.0
7f6c4ecb2000-7f6c4ecb3000 r--s 00002000 08:05 166347                     /usr/lib/eclipse/plugins/org.eclipse.rcp_3.5.0.v201002111343.jar
7f6c4ecb3000-7f6c4ecb6000 r--s 00000000 08:05 430043                     /var/cache/fontconfig/d60319d88cac85ba9e1a07bd06cfbb8c-le64.cache-3
7f6c4ecb6000-7f6c4ecb7000 r--s 00000000 08:05 442404                     /var/cache/fontconfig/9451a55048e8dbe8633e64d34165fdf2-le64.cache-3
7f6c4ecb7000-7f6c4ecba000 r--s 00000000 08:05 438766                     /var/cache/fontconfig/e13b20fdb08344e0e664864cc2ede53d-le64.cache-3
7f6c4ecba000-7f6c4ecbe000 r--s 00000000 08:05 442838                     /var/cache/fontconfig/7ef2298fde41cc6eeb7af42e48b7d293-le64.cache-3
7f6c4ecbe000-7f6c4ecbf000 r--s 00000000 08:06 4983201                    /home/carcinoma/.fontconfig/ea256eb56e9fbfb8516a2fba0625dcbd-le64.cache-3
7f6c4ecbf000-7f6c4ecd4000 r--p 00000000 08:05 437411                     /usr/share/locale-langpack/de/LC_MESSAGES/glib20.mo
7f6c4ecd4000-7f6c4ed3f000 r-xp 00000000 08:06 3683449                    /home/carcinoma/.eclipse/org.eclipse.platform_3.5.0_155965261/configuration/org.eclipse.osgi/bundles/235/1/.cp/libswt-pi-gtk-3557.so
7f6c4ed3f000-7f6c4ef3e000 ---p 0006b000 08:06 3683449                    /home/carcinoma/.eclipse/org.eclipse.platform_3.5.0_155965261/configuration/org.eclipse.osgi/bundles/235/1/.cp/libswt-pi-gtk-3557.so
7f6c4ef3e000-7f6c4ef3f000 r--p 0006a000 08:06 3683449                    /home/carcinoma/.eclipse/org.eclipse.platform_3.5.0_155965261/configuration/org.eclipse.osgi/bundles/235/1/.cp/libswt-pi-gtk-3557.so
7f6c4ef3f000-7f6c4ef41000 rw-p 0006b000 08:06 3683449                    /home/carcinoma/.eclipse/org.eclipse.platform_3.5.0_155965261/configuration/org.eclipse.osgi/bundles/235/1/.cp/libswt-pi-gtk-3557.so
7f6c4ef41000-7f6c4ef43000 rw-p 00000000 00:00 0 
7f6c4ef43000-7f6c4ef84000 r-xp 00000000 08:06 3683448                    /home/carcinoma/.eclipse/org.eclipse.platform_3.5.0_155965261/configuration/org.eclipse.osgi/bundles/235/1/.cp/libswt-gtk-3557.so
7f6c4ef84000-7f6c4f183000 ---p 00041000 08:06 3683448                    /home/carcinoma/.eclipse/org.eclipse.platform_3.5.0_155965261/configuration/org.eclipse.osgi/bundles/235/1/.cp/libswt-gtk-3557.so
7f6c4f183000-7f6c4f184000 r--p 00040000 08:06 3683448                    /home/carcinoma/.eclipse/org.eclipse.platform_3.5.0_155965261/configuration/org.eclipse.osgi/bundles/235/1/.cp/libswt-gtk-3557.so
7f6c4f184000-7f6c4f188000 rw-p 00041000 08:06 3683448                    /home/carcinoma/.eclipse/org.eclipse.platform_3.5.0_155965261/configuration/org.eclipse.osgi/bundles/235/1/.cp/libswt-gtk-3557.so
7f6c4f188000-7f6c4f189000 rw-p 00000000 00:00 0 
7f6c4f189000-7f6c4f18d000 r--s 00015000 08:05 166342                     /usr/lib/eclipse/plugins/org.eclipse.core.commands_3.5.0.I20090525-2000.jar
7f6c4f18d000-7f6c4f192000 r--s 0001d000 08:05 166378                     /usr/lib/eclipse/plugins/org.eclipse.ui_3.5.2.M20100120-0800.jar
7f6c4f192000-7f6c4f1a5000 r--s 001e7000 08:05 166329                     /usr/lib/eclipse/plugins/org.eclipse.swt.gtk.linux.x86_64_3.5.2.v3557f.jar
7f6c4f1a5000-7f6c4f1a6000 r--s 00003000 08:05 166379                     /usr/lib/eclipse/plugins/org.eclipse.swt_3.5.2.v3557f.jar
7f6c4f1a6000-7f6c4f1ba000 r--s 000e7000 08:05 166358                     /usr/lib/eclipse/plugins/org.eclipse.jface_3.5.2.M20100120-0800.jar
7f6c4f1ba000-7f6c4f1bb000 r--s 00000000 08:05 165434                     /usr/share/eclipse/plugins/org.eclipse.ui.workbench.compatibility_3.2.0.I20090429-1800/compatibility.jar
7f6c4f1bb000-7f6c4f201000 r--s 00385000 08:05 166332                     /usr/lib/eclipse/plugins/org.eclipse.ui.workbench_3.5.2.M20100113-0800.jar
7f6c4f201000-7f6c4f203000 r--s 0000b000 08:05 165410                     /usr/share/eclipse/plugins/org.eclipse.ui.ide.application_1.0.101.M20090826-0800.jar
7f6c4f203000-7f6c4f206000 ---p 00000000 00:00 0 
7f6c4f206000-7f6c4f304000 rw-p 00000000 00:00 0 
7f6c4f304000-7f6c4f307000 ---p 00000000 00:00 0 
7f6c4f307000-7f6c4f405000 rw-p 00000000 00:00 0 
7f6c4f405000-7f6c4f406000 r--s 00005000 08:05 165331                     /usr/share/eclipse/plugins/org.eclipse.equinox.p2.directorywatcher_1.0.100.v20090525.jar
7f6c4f406000-7f6c4f409000 r--s 0001a000 08:05 165326                     /usr/share/eclipse/plugins/org.eclipse.equinox.p2.core_1.0.101.R35x_v20090819.jar
7f6c4f409000-7f6c4f40b000 r--s 00008000 08:05 165347                     /usr/share/eclipse/plugins/org.eclipse.equinox.p2.reconciler.dropins_1.0.100.v20090520-1905.jar
7f6c4f40b000-7f6c4f411000 r--s 00045000 08:05 439694                     /usr/share/java/commons-httpclient-3.1.jar
7f6c4f411000-7f6c4f413000 r--s 00002000 08:05 165293                     /usr/share/eclipse/plugins/org.eclipse.ecf.provider.filetransfer.httpclient.ssl_1.0.0.v20090831-1906.jar
7f6c4f413000-7f6c4f415000 r--s 0000d000 08:05 165294                     /usr/share/eclipse/plugins/org.eclipse.ecf.provider.filetransfer.httpclient_3.0.1.v20090831-1906.jar
7f6c4f415000-7f6c4f418000 r--s 00008000 08:05 165288                     /usr/share/eclipse/plugins/org.eclipse.ecf.filetransfer_3.0.0.v20090831-1906.jar
7f6c4f418000-7f6c4f41b000 ---p 00000000 00:00 0 
7f6c4f41b000-7f6c4f519000 rw-p 00000000 00:00 0 
7f6c4f519000-7f6c4f51c000 ---p 00000000 00:00 0 
7f6c4f51c000-7f6c4f61a000 rw-p 00000000 00:00 0 
7f6c4f61a000-7f6c4f61d000 ---p 00000000 00:00 0 
7f6c4f61d000-7f6c4f71b000 rw-p 00000000 00:00 0 
7f6c4f71b000-7f6c4f723000 r-xp 00000000 08:05 24542                      /usr/lib/jvm/java-6-openjdk/jre/lib/amd64/libnio.so
7f6c4f723000-7f6c4f922000 ---p 00008000 08:05 24542                      /usr/lib/jvm/java-6-openjdk/jre/lib/amd64/libnio.so
7f6c4f922000-7f6c4f923000 r--p 00007000 08:05 24542                      /usr/lib/jvm/java-6-openjdk/jre/lib/amd64/libnio.so
7f6c4f923000-7f6c4f924000 rw-p 00008000 08:05 24542                      /usr/lib/jvm/java-6-openjdk/jre/lib/amd64/libnio.so
7f6c4f924000-7f6c4f939000 r-xp 00000000 08:05 24541                      /usr/lib/jvm/java-6-openjdk/jre/lib/amd64/libnet.so
7f6c4f939000-7f6c4fb38000 ---p 00015000 08:05 24541                      /usr/lib/jvm/java-6-openjdk/jre/lib/amd64/libnet.so
7f6c4fb38000-7f6c4fb39000 r--p 00014000 08:05 24541                      /usr/lib/jvm/java-6-openjdk/jre/lib/amd64/libnet.so
7f6c4fb39000-7f6c4fb3a000 rw-p 00015000 08:05 24541                      /usr/lib/jvm/java-6-openjdk/jre/lib/amd64/libnet.so
7f6c4fb3a000-7f6c4fb9a000 rw-s 00000000 00:04 2654220                    /SYSV00000000 (deleted)
7f6c4fb9a000-7f6c4fbfd000 rw-p 00000000 00:00 0 
7f6c4fbfd000-7f6c4fc00000 r-xp 00000000 08:05 135813                     /usr/lib/gdk-pixbuf-2.0/2.10.0/loaders/libpixbufloader-bmp.so
7f6c4fc00000-7f6c4fe00000 ---p 00003000 08:05 135813                     /usr/lib/gdk-pixbuf-2.0/2.10.0/loaders/libpixbufloader-bmp.so
7f6c4fe00000-7f6c4fe01000 r--p 00003000 08:05 135813                     /usr/lib/gdk-pixbuf-2.0/2.10.0/loaders/libpixbufloader-bmp.so
7f6c4fe01000-7f6c4fe02000 rw-p 00004000 08:05 135813                     /usr/lib/gdk-pixbuf-2.0/2.10.0/loaders/libpixbufloader-bmp.so
7f6c4fe02000-7f6c4fe2d000 r-xp 00000000 08:05 136401                     /usr/lib/gtk-2.0/2.10.0/engines/libclearlooks.so
7f6c4fe2d000-7f6c5002c000 ---p 0002b000 08:05 136401                     /usr/lib/gtk-2.0/2.10.0/engines/libclearlooks.so
7f6c5002c000-7f6c5002d000 r--p 0002a000 08:05 136401                     /usr/lib/gtk-2.0/2.10.0/engines/libclearlooks.so
7f6c5002d000-7f6c5002e000 rw-p 0002b000 08:05 136401                     /usr/lib/gtk-2.0/2.10.0/engines/libclearlooks.so
7f6c5002e000-7f6c50034000 r-xp 00000000 08:05 7034                       /usr/lib/libogg.so.0.7.0
7f6c50034000-7f6c50233000 ---p 00006000 08:05 7034                       /usr/lib/libogg.so.0.7.0
7f6c50233000-7f6c50234000 r--p 00005000 08:05 7034                       /usr/lib/libogg.so.0.7.0
7f6c50234000-7f6c50235000 rw-p 00006000 08:05 7034                       /usr/lib/libogg.so.0.7.0
7f6c50235000-7f6c50260000 r-xp 00000000 08:05 7266                       /usr/lib/libvorbis.so.0.4.5
7f6c50260000-7f6c5045f000 ---p 0002b000 08:05 7266                       /usr/lib/libvorbis.so.0.4.5
7f6c5045f000-7f6c50460000 r--p 0002a000 08:05 7266                       /usr/lib/libvorbis.so.0.4.5
7f6c50460000-7f6c50461000 rw-p 0002b000 08:05 7266                       /usr/lib/libvorbis.so.0.4.5
7f6c50461000-7f6c50469000 r-xp 00000000 08:05 6955                       /usr/lib/libltdl.so.7.2.1
7f6c50469000-7f6c50669000 ---p 00008000 08:05 6955                       /usr/lib/libltdl.so.7.2.1
7f6c50669000-7f6c5066a000 r--p 00008000 08:05 6955                       /usr/lib/libltdl.so.7.2.1
7f6c5066a000-7f6c5066b000 rw-p 00009000 08:05 6955                       /usr/lib/libltdl.so.7.2.1
7f6c5066b000-7f6c5067b000 r-xp 00000000 08:05 7204                       /usr/lib/libtdb.so.1.2.9
7f6c5067b000-7f6c5087a000 ---p 00010000 08:05 7204                       /usr/lib/libtdb.so.1.2.9
7f6c5087a000-7f6c5087b000 r--p 0000f000 08:05 7204                       /usr/lib/libtdb.so.1.2.9
7f6c5087b000-7f6c5087c000 rw-p 00010000 08:05 7204                       /usr/lib/libtdb.so.1.2.9
7f6c5087c000-7f6c50883000 r-xp 00000000 08:05 7270                       /usr/lib/libvorbisfile.so.3.3.4
7f6c50883000-7f6c50a82000 ---p 00007000 08:05 7270                       /usr/lib/libvorbisfile.so.3.3.4
7f6c50a82000-7f6c50a83000 r--p 00006000 08:05 7270                       /usr/lib/libvorbisfile.so.3.3.4
7f6c50a83000-7f6c50a84000 rw-p 00007000 08:05 7270                       /usr/lib/libvorbisfile.so.3.3.4
7f6c50a84000-7f6c50a93000 r-xp 00000000 08:05 6529                       /usr/lib/libcanberra.so.0.2.5
7f6c50a93000-7f6c50c92000 ---p 0000f000 08:05 6529                       /usr/lib/libcanberra.so.0.2.5
7f6c50c92000-7f6c50c93000 r--p 0000e000 08:05 6529                       /usr/lib/libcanberra.so.0.2.5
7f6c50c93000-7f6c50c94000 rw-p 0000f000 08:05 6529                       /usr/lib/libcanberra.so.0.2.5
7f6c50c94000-7f6c50c98000 r-xp 00000000 08:05 6527                       /usr/lib/libcanberra-gtk.so.0.1.8
7f6c50c98000-7f6c50e97000 ---p 00004000 08:05 6527                       /usr/lib/libcanberra-gtk.so.0.1.8
7f6c50e97000-7f6c50e98000 r--p 00003000 08:05 6527                       /usr/lib/libcanberra-gtk.so.0.1.8
7f6c50e98000-7f6c50e99000 rw-p 00004000 08:05 6527                       /usr/lib/libcanberra-gtk.so.0.1.8
7f6c50e99000-7f6c50e9e000 r-xp 00000000 08:05 136431                     /usr/lib/gtk-2.0/modules/libcanberra-gtk-module.so
7f6c50e9e000-7f6c5109d000 ---p 00005000 08:05 136431                     /usr/lib/gtk-2.0/modules/libcanberra-gtk-module.so
7f6c5109d000-7f6c5109e000 r--p 00004000 08:05 136431                     /usr/lib/gtk-2.0/modules/libcanberra-gtk-module.so
7f6c5109e000-7f6c5109f000 rw-p 00005000 08:05 136431                     /usr/lib/gtk-2.0/modules/libcanberra-gtk-module.so
7f6c5109f000-7f6c510a9000 r-xp 00000000 08:05 8470                       /usr/lib/liboverlay-scrollbar-0.1.so.0.0.12
7f6c510a9000-7f6c512a8000 ---p 0000a000 08:05 8470                       /usr/lib/liboverlay-scrollbar-0.1.so.0.0.12
7f6c512a8000-7f6c512a9000 r--p 00009000 08:05 8470                       /usr/lib/liboverlay-scrollbar-0.1.so.0.0.12
7f6c512a9000-7f6c512aa000 rw-p 0000a000 08:05 8470                       /usr/lib/liboverlay-scrollbar-0.1.so.0.0.12
7f6c512aa000-7f6c512c8000 r-xp 00000000 08:05 141167                     /usr/lib/x86_64-linux-gnu/libatk-1.0.so.0.9.1
7f6c512c8000-7f6c514c8000 ---p 0001e000 08:05 141167                     /usr/lib/x86_64-linux-gnu/libatk-1.0.so.0.9.1
7f6c514c8000-7f6c514ca000 r--p 0001e000 08:05 141167                     /usr/lib/x86_64-linux-gnu/libatk-1.0.so.0.9.1
7f6c514ca000-7f6c514cb000 rw-p 00020000 08:05 141167                     /usr/lib/x86_64-linux-gnu/libatk-1.0.so.0.9.1
7f6c514cb000-7f6c51901000 r-xp 00000000 08:05 6824                       /usr/lib/libgtk-x11-2.0.so.0.2400.4
7f6c51901000-7f6c51b01000 ---p 00436000 08:05 6824                       /usr/lib/libgtk-x11-2.0.so.0.2400.4
7f6c51b01000-7f6c51b08000 r--p 00436000 08:05 6824                       /usr/lib/libgtk-x11-2.0.so.0.2400.4
7f6c51b08000-7f6c51b0c000 rw-p 0043d000 08:05 6824                       /usr/lib/libgtk-x11-2.0.so.0.2400.4
7f6c51b0c000-7f6c51b0e000 rw-p 00000000 00:00 0 
7f6c51b0e000-7f6c51b13000 r-xp 00000000 08:05 141145                     /usr/lib/x86_64-linux-gnu/libXdmcp.so.6.0.0
7f6c51b13000-7f6c51d12000 ---p 00005000 08:05 141145                     /usr/lib/x86_64-linux-gnu/libXdmcp.so.6.0.0
7f6c51d12000-7f6c51d13000 r--p 00004000 08:05 141145                     /usr/lib/x86_64-linux-gnu/libXdmcp.so.6.0.0
7f6c51d13000-7f6c51d14000 rw-p 00005000 08:05 141145                     /usr/lib/x86_64-linux-gnu/libXdmcp.so.6.0.0
7f6c51d14000-7f6c51d16000 r-xp 00000000 08:05 141137                     /usr/lib/x86_64-linux-gnu/libXau.so.6.0.0
7f6c51d16000-7f6c51f15000 ---p 00002000 08:05 141137                     /usr/lib/x86_64-linux-gnu/libXau.so.6.0.0
7f6c51f15000-7f6c51f16000 r--p 00001000 08:05 141137                     /usr/lib/x86_64-linux-gnu/libXau.so.6.0.0
7f6c51f16000-7f6c51f17000 rw-p 00002000 08:05 141137                     /usr/lib/x86_64-linux-gnu/libXau.so.6.0.0
7f6c51f17000-7f6c51f32000 r-xp 00000000 08:05 141285                     /usr/lib/x86_64-linux-gnu/libxcb.so.1.1.0
7f6c51f32000-7f6c52131000 ---p 0001b000 08:05 141285                     /usr/lib/x86_64-linux-gnu/libxcb.so.1.1.0
7f6c52131000-7f6c52132000 r--p 0001a000 08:05 141285                     /usr/lib/x86_64-linux-gnu/libxcb.so.1.1.0
7f6c52132000-7f6c52133000 rw-p 0001b000 08:05 141285                     /usr/lib/x86_64-linux-gnu/libxcb.so.1.1.0
7f6c52133000-7f6c5213a000 r-xp 00000000 08:05 141279                     /usr/lib/x86_64-linux-gnu/libxcb-render.so.0.0.0
7f6c5213a000-7f6c5233a000 ---p 00007000 08:05 141279                     /usr/lib/x86_64-linux-gnu/libxcb-render.so.0.0.0
7f6c5233a000-7f6c5233b000 r--p 00007000 08:05 141279                     /usr/lib/x86_64-linux-gnu/libxcb-render.so.0.0.0
7f6c5233b000-7f6c5233c000 rw-p 00008000 08:05 141279                     /usr/lib/x86_64-linux-gnu/libxcb-render.so.0.0.0
7f6c5233c000-7f6c5233e000 r-xp 00000000 08:05 141283                     /usr/lib/x86_64-linux-gnu/libxcb-shm.so.0.0.0
7f6c5233e000-7f6c5253d000 ---p 00002000 08:05 141283                     /usr/lib/x86_64-linux-gnu/libxcb-shm.so.0.0.0
7f6c5253d000-7f6c5253e000 r--p 00001000 08:05 141283                     /usr/lib/x86_64-linux-gnu/libxcb-shm.so.0.0.0
7f6c5253e000-7f6c5253f000 rw-p 00002000 08:05 141283                     /usr/lib/x86_64-linux-gnu/libxcb-shm.so.0.0.0
7f6c5253f000-7f6c52565000 r-xp 00000000 08:05 4674                       /lib/x86_64-linux-gnu/libpng12.so.0.44.0
7f6c52565000-7f6c52764000 ---p 00026000 08:05 4674                       /lib/x86_64-linux-gnu/libpng12.so.0.44.0
7f6c52764000-7f6c52765000 r--p 00025000 08:05 4674                       /lib/x86_64-linux-gnu/libpng12.so.0.44.0
7f6c52765000-7f6c52766000 rw-p 00026000 08:05 4674                       /lib/x86_64-linux-gnu/libpng12.so.0.44.0
7f6c52766000-7f6c527ce000 r-xp 00000000 08:05 7071                       /usr/lib/libpixman-1.so.0.20.2
7f6c527ce000-7f6c529ce000 ---p 00068000 08:05 7071                       /usr/lib/libpixman-1.so.0.20.2
7f6c529ce000-7f6c529d3000 r--p 00068000 08:05 7071                       /usr/lib/libpixman-1.so.0.20.2
7f6c529d3000-7f6c529d4000 rw-p 0006d000 08:05 7071                       /usr/lib/libpixman-1.so.0.20.2
7f6c529d4000-7f6c529fb000 r-xp 00000000 08:05 4633                       /lib/x86_64-linux-gnu/libexpat.so.1.5.2
7f6c529fb000-7f6c52bfb000 ---p 00027000 08:05 4633                       /lib/x86_64-linux-gnu/libexpat.so.1.5.2
7f6c52bfb000-7f6c52bfd000 r--p 00027000 08:05 4633                       /lib/x86_64-linux-gnu/libexpat.so.1.5.2
7f6c52bfd000-7f6c52bfe000 rw-p 00029000 08:05 4633                       /lib/x86_64-linux-gnu/libexpat.so.1.5.2
7f6c52bfe000-7f6c52c1a000 r-xp 00000000 08:05 4681                       /lib/x86_64-linux-gnu/libselinux.so.1
7f6c52c1a000-7f6c52e19000 ---p 0001c000 08:05 4681                       /lib/x86_64-linux-gnu/libselinux.so.1
7f6c52e19000-7f6c52e1a000 r--p 0001b000 08:05 4681                       /lib/x86_64-linux-gnu/libselinux.so.1
7f6c52e1a000-7f6c52e1b000 rw-p 0001c000 08:05 4681                       /lib/x86_64-linux-gnu/libselinux.so.1
7f6c52e1b000-7f6c52e1c000 rw-p 00000000 00:00 0 
7f6c52e1c000-7f6c52e33000 r-xp 00000000 08:05 4677                       /lib/x86_64-linux-gnu/libresolv-2.13.so
7f6c52e33000-7f6c53033000 ---p 00017000 08:05 4677                       /lib/x86_64-linux-gnu/libresolv-2.13.so
7f6c53033000-7f6c53034000 r--p 00017000 08:05 4677                       /lib/x86_64-linux-gnu/libresolv-2.13.so
7f6c53034000-7f6c53035000 rw-p 00018000 08:05 4677                       /lib/x86_64-linux-gnu/libresolv-2.13.so
7f6c53035000-7f6c53037000 rw-p 00000000 00:00 0 
7f6c53037000-7f6c530ca000 r-xp 00000000 08:05 141195                     /usr/lib/x86_64-linux-gnu/libfreetype.so.6.6.2
7f6c530ca000-7f6c532c9000 ---p 00093000 08:05 141195                     /usr/lib/x86_64-linux-gnu/libfreetype.so.6.6.2
7f6c532c9000-7f6c532cf000 r--p 00092000 08:05 141195                     /usr/lib/x86_64-linux-gnu/libfreetype.so.6.6.2
7f6c532cf000-7f6c532d0000 rw-p 00098000 08:05 141195                     /usr/lib/x86_64-linux-gnu/libfreetype.so.6.6.2
7f6c532d0000-7f6c532fb000 r-xp 00000000 08:05 141250                     /usr/lib/x86_64-linux-gnu/libpangoft2-1.0.so.0.2800.4
7f6c532fb000-7f6c534fa000 ---p 0002b000 08:05 141250                     /usr/lib/x86_64-linux-gnu/libpangoft2-1.0.so.0.2800.4
7f6c534fa000-7f6c534fb000 r--p 0002a000 08:05 141250                     /usr/lib/x86_64-linux-gnu/libpangoft2-1.0.so.0.2800.4
7f6c534fb000-7f6c534fc000 rw-p 0002b000 08:05 141250                     /usr/lib/x86_64-linux-gnu/libpangoft2-1.0.so.0.2800.4
7f6c534fc000-7f6c53631000 r-xp 00000000 08:05 141135                     /usr/lib/x86_64-linux-gnu/libX11.so.6.3.0
7f6c53631000-7f6c53831000 ---p 00135000 08:05 141135                     /usr/lib/x86_64-linux-gnu/libX11.so.6.3.0
7f6c53831000-7f6c53832000 r--p 00135000 08:05 141135                     /usr/lib/x86_64-linux-gnu/libX11.so.6.3.0
7f6c53832000-7f6c53836000 rw-p 00136000 08:05 141135                     /usr/lib/x86_64-linux-gnu/libX11.so.6.3.0
7f6c53836000-7f6c538f1000 r-xp 00000000 08:05 6519                       /usr/lib/libcairo.so.2.11000.2
7f6c538f1000-7f6c53af1000 ---p 000bb000 08:05 6519                       /usr/lib/libcairo.so.2.11000.2
7f6c53af1000-7f6c53af3000 r--p 000bb000 08:05 6519                       /usr/lib/libcairo.so.2.11000.2
7f6c53af3000-7f6c53af4000 rw-p 000bd000 08:05 6519                       /usr/lib/libcairo.so.2.11000.2
7f6c53af4000-7f6c53af7000 rw-p 00000000 00:00 0 
7f6c53af7000-7f6c53afc000 r-xp 00000000 08:05 141149                     /usr/lib/x86_64-linux-gnu/libXfixes.so.3.1.0
7f6c53afc000-7f6c53cfb000 ---p 00005000 08:05 141149                     /usr/lib/x86_64-linux-gnu/libXfixes.so.3.1.0
7f6c53cfb000-7f6c53cfc000 r--p 00004000 08:05 141149                     /usr/lib/x86_64-linux-gnu/libXfixes.so.3.1.0
7f6c53cfc000-7f6c53cfd000 rw-p 00005000 08:05 141149                     /usr/lib/x86_64-linux-gnu/libXfixes.so.3.1.0
7f6c53cfd000-7f6c53cff000 r-xp 00000000 08:05 141143                     /usr/lib/x86_64-linux-gnu/libXdamage.so.1.1.0
7f6c53cff000-7f6c53efe000 ---p 00002000 08:05 141143                     /usr/lib/x86_64-linux-gnu/libXdamage.so.1.1.0
7f6c53efe000-7f6c53eff000 r--p 00001000 08:05 141143                     /usr/lib/x86_64-linux-gnu/libXdamage.so.1.1.0
7f6c53eff000-7f6c53f00000 rw-p 00002000 08:05 141143                     /usr/lib/x86_64-linux-gnu/libXdamage.so.1.1.0
7f6c53f00000-7f6c53f02000 r-xp 00000000 08:05 141139                     /usr/lib/x86_64-linux-gnu/libXcomposite.so.1.0.0
7f6c53f02000-7f6c54101000 ---p 00002000 08:05 141139                     /usr/lib/x86_64-linux-gnu/libXcomposite.so.1.0.0
7f6c54101000-7f6c54102000 r--p 00001000 08:05 141139                     /usr/lib/x86_64-linux-gnu/libXcomposite.so.1.0.0
7f6c54102000-7f6c54103000 rw-p 00002000 08:05 141139                     /usr/lib/x86_64-linux-gnu/libXcomposite.so.1.0.0
7f6c54103000-7f6c5410c000 r-xp 00000000 08:05 141141                     /usr/lib/x86_64-linux-gnu/libXcursor.so.1.0.2
7f6c5410c000-7f6c5430b000 ---p 00009000 08:05 141141                     /usr/lib/x86_64-linux-gnu/libXcursor.so.1.0.2
7f6c5430b000-7f6c5430c000 r--p 00008000 08:05 141141                     /usr/lib/x86_64-linux-gnu/libXcursor.so.1.0.2
7f6c5430c000-7f6c5430d000 rw-p 00009000 08:05 141141                     /usr/lib/x86_64-linux-gnu/libXcursor.so.1.0.2
7f6c5430d000-7f6c54315000 r-xp 00000000 08:05 141157                     /usr/lib/x86_64-linux-gnu/libXrandr.so.2.2.0
7f6c54315000-7f6c54514000 ---p 00008000 08:05 141157                     /usr/lib/x86_64-linux-gnu/libXrandr.so.2.2.0
7f6c54514000-7f6c54515000 r--p 00007000 08:05 141157                     /usr/lib/x86_64-linux-gnu/libXrandr.so.2.2.0
7f6c54515000-7f6c54516000 rw-p 00008000 08:05 141157                     /usr/lib/x86_64-linux-gnu/libXrandr.so.2.2.0
7f6c54516000-7f6c54525000 r-xp 00000000 08:05 141153                     /usr/lib/x86_64-linux-gnu/libXi.so.6.1.0
7f6c54525000-7f6c54724000 ---p 0000f000 08:05 141153                     /usr/lib/x86_64-linux-gnu/libXi.so.6.1.0
7f6c54724000-7f6c54725000 r--p 0000e000 08:05 141153                     /usr/lib/x86_64-linux-gnu/libXi.so.6.1.0
7f6c54725000-7f6c54726000 rw-p 0000f000 08:05 141153                     /usr/lib/x86_64-linux-gnu/libXi.so.6.1.0
7f6c54726000-7f6c54728000 r-xp 00000000 08:05 141155                     /usr/lib/x86_64-linux-gnu/libXinerama.so.1.0.0
7f6c54728000-7f6c54927000 ---p 00002000 08:05 141155                     /usr/lib/x86_64-linux-gnu/libXinerama.so.1.0.0
7f6c54927000-7f6c54928000 r--p 00001000 08:05 141155                     /usr/lib/x86_64-linux-gnu/libXinerama.so.1.0.0
7f6c54928000-7f6c54929000 rw-p 00002000 08:05 141155                     /usr/lib/x86_64-linux-gnu/libXinerama.so.1.0.0
7f6c54929000-7f6c54932000 r-xp 00000000 08:05 141159                     /usr/lib/x86_64-linux-gnu/libXrender.so.1.3.0
7f6c54932000-7f6c54b32000 ---p 00009000 08:05 141159                     /usr/lib/x86_64-linux-gnu/libXrender.so.1.3.0
7f6c54b32000-7f6c54b33000 r--p 00009000 08:05 141159                     /usr/lib/x86_64-linux-gnu/libXrender.so.1.3.0
7f6c54b33000-7f6c54b34000 rw-p 0000a000 08:05 141159                     /usr/lib/x86_64-linux-gnu/libXrender.so.1.3.0
7f6c54b34000-7f6c54b45000 r-xp 00000000 08:05 141147                     /usr/lib/x86_64-linux-gnu/libXext.so.6.4.0
7f6c54b45000-7f6c54d44000 ---p 00011000 08:05 141147                     /usr/lib/x86_64-linux-gnu/libXext.so.6.4.0
7f6c54d44000-7f6c54d45000 r--p 00010000 08:05 141147                     /usr/lib/x86_64-linux-gnu/libXext.so.6.4.0
7f6c54d45000-7f6c54d46000 rw-p 00011000 08:05 141147                     /usr/lib/x86_64-linux-gnu/libXext.so.6.4.0
7f6c54d46000-7f6c54d7a000 r-xp 00000000 08:05 141193                     /usr/lib/x86_64-linux-gnu/libfontconfig.so.1.4.4
7f6c54d7a000-7f6c54f7a000 ---p 00034000 08:05 141193                     /usr/lib/x86_64-linux-gnu/libfontconfig.so.1.4.4
7f6c54f7a000-7f6c54f7b000 r--p 00034000 08:05 141193                     /usr/lib/x86_64-linux-gnu/libfontconfig.so.1.4.4
7f6c54f7b000-7f6c54f7c000 rw-p 00035000 08:05 141193                     /usr/lib/x86_64-linux-gnu/libfontconfig.so.1.4.4
7f6c54f7c000-7f6c54f7f000 r-xp 00000000 08:05 141204                     /usr/lib/x86_64-linux-gnu/libgmodule-2.0.so.0.2800.6
7f6c54f7f000-7f6c5517e000 ---p 00003000 08:05 141204                     /usr/lib/x86_64-linux-gnu/libgmodule-2.0.so.0.2800.6
7f6c5517e000-7f6c5517f000 r--p 00002000 08:05 141204                     /usr/lib/x86_64-linux-gnu/libgmodule-2.0.so.0.2800.6
7f6c5517f000-7f6c55180000 rw-p 00003000 08:05 141204                     /usr/lib/x86_64-linux-gnu/libgmodule-2.0.so.0.2800.6
7f6c55180000-7f6c552a4000 r-xp 00000000 08:05 141202                     /usr/lib/x86_64-linux-gnu/libgio-2.0.so.0.2800.6
7f6c552a4000-7f6c554a3000 ---p 00124000 08:05 141202                     /usr/lib/x86_64-linux-gnu/libgio-2.0.so.0.2800.6
7f6c554a3000-7f6c554a7000 r--p 00123000 08:05 141202                     /usr/lib/x86_64-linux-gnu/libgio-2.0.so.0.2800.6
7f6c554a7000-7f6c554a9000 rw-p 00127000 08:05 141202                     /usr/lib/x86_64-linux-gnu/libgio-2.0.so.0.2800.6
7f6c554a9000-7f6c554ab000 rw-p 00000000 00:00 0 
7f6c554ab000-7f6c554ca000 r-xp 00000000 08:05 6684                       /usr/lib/libgdk_pixbuf-2.0.so.0.2300.3
7f6c554ca000-7f6c556c9000 ---p 0001f000 08:05 6684                       /usr/lib/libgdk_pixbuf-2.0.so.0.2300.3
7f6c556c9000-7f6c556ca000 r--p 0001e000 08:05 6684                       /usr/lib/libgdk_pixbuf-2.0.so.0.2300.3
7f6c556ca000-7f6c556cb000 rw-p 0001f000 08:05 6684                       /usr/lib/libgdk_pixbuf-2.0.so.0.2300.3
7f6c556cb000-7f6c55712000 r-xp 00000000 08:05 141246                     /usr/lib/x86_64-linux-gnu/libpango-1.0.so.0.2800.4
7f6c55712000-7f6c55912000 ---p 00047000 08:05 141246                     /usr/lib/x86_64-linux-gnu/libpango-1.0.so.0.2800.4
7f6c55912000-7f6c55914000 r--p 00047000 08:05 141246                     /usr/lib/x86_64-linux-gnu/libpango-1.0.so.0.2800.4
7f6c55914000-7f6c55915000 rw-p 00049000 08:05 141246                     /usr/lib/x86_64-linux-gnu/libpango-1.0.so.0.2800.4
7f6c55915000-7f6c55920000 r-xp 00000000 08:05 141248                     /usr/lib/x86_64-linux-gnu/libpangocairo-1.0.so.0.2800.4
7f6c55920000-7f6c55b20000 ---p 0000b000 08:05 141248                     /usr/lib/x86_64-linux-gnu/libpangocairo-1.0.so.0.2800.4
7f6c55b20000-7f6c55b21000 r--p 0000b000 08:05 141248                     /usr/lib/x86_64-linux-gnu/libpangocairo-1.0.so.0.2800.4
7f6c55b21000-7f6c55b22000 rw-p 0000c000 08:05 141248                     /usr/lib/x86_64-linux-gnu/libpangocairo-1.0.so.0.2800.4
7f6c55b22000-7f6c55bd0000 r-xp 00000000 08:05 6682                       /usr/lib/libgdk-x11-2.0.so.0.2400.4
7f6c55bd0000-7f6c55dcf000 ---p 000ae000 08:05 6682                       /usr/lib/libgdk-x11-2.0.so.0.2400.4
7f6c55dcf000-7f6c55dd3000 r--p 000ad000 08:05 6682                       /usr/lib/libgdk-x11-2.0.so.0.2400.4
7f6c55dd3000-7f6c55dd5000 rw-p 000b1000 08:05 6682                       /usr/lib/libgdk-x11-2.0.so.0.2400.4
7f6c55dd5000-7f6c55e10000 r-xp 00000000 08:05 4672                       /lib/x86_64-linux-gnu/libpcre.so.3.12.1
7f6c55e10000-7f6c5600f000 ---p 0003b000 08:05 4672                       /lib/x86_64-linux-gnu/libpcre.so.3.12.1
7f6c5600f000-7f6c56010000 r--p 0003a000 08:05 4672                       /lib/x86_64-linux-gnu/libpcre.so.3.12.1
7f6c56010000-7f6c56011000 rw-p 0003b000 08:05 4672                       /lib/x86_64-linux-gnu/libpcre.so.3.12.1
7f6c56011000-7f6c560fe000 r-xp 00000000 08:05 4642                       /lib/x86_64-linux-gnu/libglib-2.0.so.0.2800.6
7f6c560fe000-7f6c562fd000 ---p 000ed000 08:05 4642                       /lib/x86_64-linux-gnu/libglib-2.0.so.0.2800.6
7f6c562fd000-7f6c562fe000 r--p 000ec000 08:05 4642                       /lib/x86_64-linux-gnu/libglib-2.0.so.0.2800.6
7f6c562fe000-7f6c562ff000 rw-p 000ed000 08:05 4642                       /lib/x86_64-linux-gnu/libglib-2.0.so.0.2800.6
7f6c562ff000-7f6c56300000 rw-p 00000000 00:00 0 
7f6c56300000-7f6c56304000 r-xp 00000000 08:05 141218                     /usr/lib/x86_64-linux-gnu/libgthread-2.0.so.0.2800.6
7f6c56304000-7f6c56503000 ---p 00004000 08:05 141218                     /usr/lib/x86_64-linux-gnu/libgthread-2.0.so.0.2800.6
7f6c56503000-7f6c56504000 r--p 00003000 08:05 141218                     /usr/lib/x86_64-linux-gnu/libgthread-2.0.so.0.2800.6
7f6c56504000-7f6c56505000 rw-p 00004000 08:05 141218                     /usr/lib/x86_64-linux-gnu/libgthread-2.0.so.0.2800.6
7f6c56505000-7f6c56553000 r-xp 00000000 08:05 141212                     /usr/lib/x86_64-linux-gnu/libgobject-2.0.so.0.2800.6
7f6c56553000-7f6c56753000 ---p 0004e000 08:05 141212                     /usr/lib/x86_64-linux-gnu/libgobject-2.0.so.0.2800.6
7f6c56753000-7f6c56754000 r--p 0004e000 08:05 141212                     /usr/lib/x86_64-linux-gnu/libgobject-2.0.so.0.2800.6
7f6c56754000-7f6c56755000 rw-p 0004f000 08:05 141212                     /usr/lib/x86_64-linux-gnu/libgobject-2.0.so.0.2800.6
7f6c56755000-7f6c56756000 rw-p 00000000 00:00 0 
7f6c56756000-7f6c56764000 r-xp 00000000 08:05 166368                     /usr/lib/eclipse/plugins/org.eclipse.equinox.launcher.gtk.linux.x86_64_1.0.200.v20090519/eclipse_1208.so
7f6c56764000-7f6c56963000 ---p 0000e000 08:05 166368                     /usr/lib/eclipse/plugins/org.eclipse.equinox.launcher.gtk.linux.x86_64_1.0.200.v20090519/eclipse_1208.so
7f6c56963000-7f6c56964000 r--p 0000d000 08:05 166368                     /usr/lib/eclipse/plugins/org.eclipse.equinox.launcher.gtk.linux.x86_64_1.0.200.v20090519/eclipse_1208.so
7f6c56964000-7f6c56965000 rw-p 0000e000 08:05 166368                     /usr/lib/eclipse/plugins/org.eclipse.equinox.launcher.gtk.linux.x86_64_1.0.200.v20090519/eclipse_1208.so
7f6c56965000-7f6c56969000 r--s 0007c000 08:05 24499                      /usr/lib/jvm/java-6-openjdk/jre/lib/jsse.jar
7f6c56969000-7f6c5696c000 r--s 0000f000 08:05 24485                      /usr/lib/jvm/java-6-openjdk/jre/lib/ext/pulse-java.jar
7f6c5696c000-7f6c56974000 r--s 00066000 08:05 438686                     /usr/share/java/gnome-java-bridge.jar
7f6c56974000-7f6c56976000 r--s 00009000 08:05 166330                     /usr/lib/eclipse/plugins/org.eclipse.equinox.launcher_1.0.201.R35x_v20090715.jar
7f6c56976000-7f6c56977000 ---p 00000000 00:00 0 
7f6c56977000-7f6c56a77000 rw-p 00000000 00:00 0 
7f6c56a77000-7f6c56a7a000 ---p 00000000 00:00 0 
7f6c56a7a000-7f6c56b78000 rw-p 00000000 00:00 0 
7f6c56b78000-7f6c56b7b000 ---p 00000000 00:00 0 
7f6c56b7b000-7f6c56c79000 rw-p 00000000 00:00 0 
7f6c56c79000-7f6c56c7c000 ---p 00000000 00:00 0 
7f6c56c7c000-7f6c56d7a000 rw-p 00000000 00:00 0 
7f6c56d7a000-7f6c56d7d000 ---p 00000000 00:00 0 
7f6c56d7d000-7f6c56e7b000 rw-p 00000000 00:00 0 
7f6c56e7b000-7f6c57668000 r--p 00000000 08:05 137922                     /usr/lib/locale/locale-archive
7f6c57668000-7f6c5766b000 ---p 00000000 00:00 0 
7f6c5766b000-7f6c57769000 rw-p 00000000 00:00 0 
7f6c57769000-7f6c5776c000 ---p 00000000 00:00 0 
7f6c5776c000-7f6c5786a000 rw-p 00000000 00:00 0 
7f6c5786a000-7f6c5786b000 ---p 00000000 00:00 0 
7f6c5786b000-7f6c57e70000 rw-p 00000000 00:00 0 
7f6c57e70000-7f6c58000000 r--s 037af000 08:05 24514                      /usr/lib/jvm/java-6-openjdk/jre/lib/rt.jar
7f6c58000000-7f6c59fbd000 rw-p 00000000 00:00 0 
7f6c59fbd000-7f6c5c000000 ---p 00000000 00:00 0 
7f6c5c000000-7f6c5c001000 r--s 00000000 08:05 430025                     /var/cache/fontconfig/4794a0821666d79190d59a36cb4f44b5-le64.cache-3
7f6c5c001000-7f6c5c005000 r--s 00019000 08:05 165298                     /usr/share/eclipse/plugins/org.eclipse.ecf.provider.filetransfer_3.0.1.v20090831-1906.jar
7f6c5c005000-7f6c5c007000 r--s 0000b000 08:05 165290                     /usr/share/eclipse/plugins/org.eclipse.ecf.identity_3.0.0.v20090831-1906.jar
7f6c5c007000-7f6c5c008000 r--s 00001000 08:05 165301                     /usr/share/eclipse/plugins/org.eclipse.ecf.ssl_1.0.0.v20090831-1906.jar
7f6c5c008000-7f6c5c00b000 r--s 00011000 08:05 165302                     /usr/share/eclipse/plugins/org.eclipse.ecf_3.0.0.v20090831-1906.jar
7f6c5c00b000-7f6c5c00e000 r--s 00013000 08:05 165280                     /usr/share/eclipse/plugins/org.eclipse.core.runtime.compatibility_3.2.0.v20090413.jar
7f6c5c00e000-7f6c5c011000 r--s 00011000 08:05 166349                     /usr/lib/eclipse/plugins/org.eclipse.equinox.app_1.2.1.R35x_v20091203.jar
7f6c5c011000-7f6c5c013000 r--s 00011000 08:05 166348                     /usr/lib/eclipse/plugins/org.eclipse.core.jobs_3.4.100.v20090429-1800.jar
7f6c5c013000-7f6c5c016000 r--s 00016000 08:05 166352                     /usr/lib/eclipse/plugins/org.eclipse.equinox.preferences_3.2.301.R35x_v20091117.jar
7f6c5c016000-7f6c5c047000 rw-p 00000000 00:00 0 
7f6c5c047000-7f6c5c070000 r--p 00000000 08:05 437414                     /usr/share/locale-langpack/de/LC_MESSAGES/gtk20-properties.mo
7f6c5c070000-7f6c5c093000 r--p 00000000 08:05 437290                     /usr/share/locale-langpack/de/LC_MESSAGES/libc.mo
7f6c5c093000-7f6c5c0a2000 r--p 00000000 08:05 437385                     /usr/share/locale-langpack/de/LC_MESSAGES/gtk20.mo
7f6c5c0a2000-7f6c5c0fd000 rw-p 00000000 00:00 0 
7f6c5c0fd000-7f6c5c0fe000 ---p 00000000 00:00 0 
7f6c5c0fe000-7f6c5c1fe000 rw-p 00000000 00:00 0 
7f6c5c1fe000-7f6c5c1ff000 ---p 00000000 00:00 0 
7f6c5c1ff000-7f6c5c2ff000 rw-p 00000000 00:00 0 
7f6c5c2ff000-7f6c5c300000 ---p 00000000 00:00 0 
7f6c5c300000-7f6c5c400000 rw-p 00000000 00:00 0 
7f6c5c400000-7f6c5c401000 ---p 00000000 00:00 0 
7f6c5c401000-7f6c5c51b000 rw-p 00000000 00:00 0 
7f6c5c51b000-7f6c5c581000 rw-p 00000000 00:00 0 
7f6c5c581000-7f6c5c5ac000 rw-p 00000000 00:00 0 
7f6c5c5ac000-7f6c5c62c000 rw-p 00000000 00:00 0 
7f6c5c62c000-7f6c5c646000 rw-p 00000000 00:00 0 
7f6c5c646000-7f6c5c6ac000 rw-p 00000000 00:00 0 
7f6c5c6ac000-7f6c5c6d7000 rw-p 00000000 00:00 0 
7f6c5c6d7000-7f6c5c756000 rw-p 00000000 00:00 0 
7f6c5c756000-7f6c5c77c000 rw-p 00000000 00:00 0 
7f6c5c77c000-7f6c5c7ac000 rw-p 00000000 00:00 0 
7f6c5c7ac000-7f6c5c7ad000 rw-p 00000000 00:00 0 
7f6c5c7ad000-7f6c5ca1d000 rwxp 00000000 00:00 0 
7f6c5ca1d000-7f6c5f7ad000 rw-p 00000000 00:00 0 
7f6c5f7ad000-7f6c5f7b4000 r-xp 00000000 08:05 24548                      /usr/lib/jvm/java-6-openjdk/jre/lib/amd64/libzip.so
7f6c5f7b4000-7f6c5f9b3000 ---p 00007000 08:05 24548                      /usr/lib/jvm/java-6-openjdk/jre/lib/amd64/libzip.so
7f6c5f9b3000-7f6c5f9b4000 r--p 00006000 08:05 24548                      /usr/lib/jvm/java-6-openjdk/jre/lib/amd64/libzip.so
7f6c5f9b4000-7f6c5f9b5000 rw-p 00007000 08:05 24548                      /usr/lib/jvm/java-6-openjdk/jre/lib/amd64/libzip.so
7f6c5f9b5000-7f6c5f9c1000 r-xp 00000000 08:05 4656                       /lib/x86_64-linux-gnu/libnss_files-2.13.so
7f6c5f9c1000-7f6c5fbc0000 ---p 0000c000 08:05 4656                       /lib/x86_64-linux-gnu/libnss_files-2.13.so
7f6c5fbc0000-7f6c5fbc1000 r--p 0000b000 08:05 4656                       /lib/x86_64-linux-gnu/libnss_files-2.13.so
7f6c5fbc1000-7f6c5fbc2000 rw-p 0000c000 08:05 4656                       /lib/x86_64-linux-gnu/libnss_files-2.13.so
7f6c5fbc2000-7f6c5fbcd000 r-xp 00000000 08:05 4660                       /lib/x86_64-linux-gnu/libnss_nis-2.13.so
7f6c5fbcd000-7f6c5fdcc000 ---p 0000b000 08:05 4660                       /lib/x86_64-linux-gnu/libnss_nis-2.13.so
7f6c5fdcc000-7f6c5fdcd000 r--p 0000a000 08:05 4660                       /lib/x86_64-linux-gnu/libnss_nis-2.13.so
7f6c5fdcd000-7f6c5fdce000 rw-p 0000b000 08:05 4660                       /lib/x86_64-linux-gnu/libnss_nis-2.13.so
7f6c5fdce000-7f6c5fdd6000 r-xp 00000000 08:05 4652                       /lib/x86_64-linux-gnu/libnss_compat-2.13.so
7f6c5fdd6000-7f6c5ffd5000 ---p 00008000 08:05 4652                       /lib/x86_64-linux-gnu/libnss_compat-2.13.so
7f6c5ffd5000-7f6c5ffd6000 r--p 00007000 08:05 4652                       /lib/x86_64-linux-gnu/libnss_compat-2.13.so
7f6c5ffd6000-7f6c5ffd7000 rw-p 00008000 08:05 4652                       /lib/x86_64-linux-gnu/libnss_compat-2.13.so
7f6c5ffd7000-7f6c5ffee000 r-xp 00000000 08:05 4650                       /lib/x86_64-linux-gnu/libnsl-2.13.so
7f6c5ffee000-7f6c601ed000 ---p 00017000 08:05 4650                       /lib/x86_64-linux-gnu/libnsl-2.13.so
7f6c601ed000-7f6c601ee000 r--p 00016000 08:05 4650                       /lib/x86_64-linux-gnu/libnsl-2.13.so
7f6c601ee000-7f6c601ef000 rw-p 00017000 08:05 4650                       /lib/x86_64-linux-gnu/libnsl-2.13.so
7f6c601ef000-7f6c601f1000 rw-p 00000000 00:00 0 
7f6c601f1000-7f6c6021d000 r-xp 00000000 08:05 24531                      /usr/lib/jvm/java-6-openjdk/jre/lib/amd64/libjava.so
7f6c6021d000-7f6c6041c000 ---p 0002c000 08:05 24531                      /usr/lib/jvm/java-6-openjdk/jre/lib/amd64/libjava.so
7f6c6041c000-7f6c6041d000 r--p 0002b000 08:05 24531                      /usr/lib/jvm/java-6-openjdk/jre/lib/amd64/libjava.so
7f6c6041d000-7f6c60420000 rw-p 0002c000 08:05 24531                      /usr/lib/jvm/java-6-openjdk/jre/lib/amd64/libjava.so
7f6c60420000-7f6c6042e000 r-xp 00000000 08:05 24547                      /usr/lib/jvm/java-6-openjdk/jre/lib/amd64/libverify.so
7f6c6042e000-7f6c6062d000 ---p 0000e000 08:05 24547                      /usr/lib/jvm/java-6-openjdk/jre/lib/amd64/libverify.so
7f6c6062d000-7f6c6062f000 r--p 0000d000 08:05 24547                      /usr/lib/jvm/java-6-openjdk/jre/lib/amd64/libverify.so
7f6c6062f000-7f6c60630000 rw-p 0000f000 08:05 24547                      /usr/lib/jvm/java-6-openjdk/jre/lib/amd64/libverify.so
7f6c60630000-7f6c60637000 r-xp 00000000 08:05 4679                       /lib/x86_64-linux-gnu/librt-2.13.so
7f6c60637000-7f6c60836000 ---p 00007000 08:05 4679                       /lib/x86_64-linux-gnu/librt-2.13.so
7f6c60836000-7f6c60837000 r--p 00006000 08:05 4679                       /lib/x86_64-linux-gnu/librt-2.13.so
7f6c60837000-7f6c60838000 rw-p 00007000 08:05 4679                       /lib/x86_64-linux-gnu/librt-2.13.so
7f6c60838000-7f6c6084d000 r-xp 00000000 08:05 4638                       /lib/x86_64-linux-gnu/libgcc_s.so.1
7f6c6084d000-7f6c60a4c000 ---p 00015000 08:05 4638                       /lib/x86_64-linux-gnu/libgcc_s.so.1
7f6c60a4c000-7f6c60a4d000 r--p 00014000 08:05 4638                       /lib/x86_64-linux-gnu/libgcc_s.so.1
7f6c60a4d000-7f6c60a4e000 rw-p 00015000 08:05 4638                       /lib/x86_64-linux-gnu/libgcc_s.so.1
7f6c60a4e000-7f6c60ad2000 r-xp 00000000 08:05 4647                       /lib/x86_64-linux-gnu/libm-2.13.so
7f6c60ad2000-7f6c60cd1000 ---p 00084000 08:05 4647                       /lib/x86_64-linux-gnu/libm-2.13.so
7f6c60cd1000-7f6c60cd2000 r--p 00083000 08:05 4647                       /lib/x86_64-linux-gnu/libm-2.13.so
7f6c60cd2000-7f6c60cd3000 rw-p 00084000 08:05 4647                       /lib/x86_64-linux-gnu/libm-2.13.so
7f6c60cd3000-7f6c60dbb000 r-xp 00000000 08:05 141268                     /usr/lib/x86_64-linux-gnu/libstdc++.so.6.0.14
7f6c60dbb000-7f6c60fba000 ---p 000e8000 08:05 141268                     /usr/lib/x86_64-linux-gnu/libstdc++.so.6.0.14
7f6c60fba000-7f6c60fc2000 r--p 000e7000 08:05 141268                     /usr/lib/x86_64-linux-gnu/libstdc++.so.6.0.14
7f6c60fc2000-7f6c60fc4000 rw-p 000ef000 08:05 141268                     /usr/lib/x86_64-linux-gnu/libstdc++.so.6.0.14
7f6c60fc4000-7f6c60fd9000 rw-p 00000000 00:00 0 
7f6c60fd9000-7f6c6192e000 r-xp 00000000 08:05 24552                      /usr/lib/jvm/java-6-openjdk/jre/lib/amd64/server/libjvm.so
7f6c6192e000-7f6c61b2d000 ---p 00955000 08:05 24552                      /usr/lib/jvm/java-6-openjdk/jre/lib/amd64/server/libjvm.so
7f6c61b2d000-7f6c61bae000 r--p 00954000 08:05 24552                      /usr/lib/jvm/java-6-openjdk/jre/lib/amd64/server/libjvm.so
7f6c61bae000-7f6c61bc9000 rw-p 009d5000 08:05 24552                      /usr/lib/jvm/java-6-openjdk/jre/lib/amd64/server/libjvm.so
7f6c61bc9000-7f6c61bf2000 rw-p 00000000 00:00 0 
7f6c61bf2000-7f6c61d7c000 r-xp 00000000 08:05 4610                       /lib/x86_64-linux-gnu/libc-2.13.so
7f6c61d7c000-7f6c61f7b000 ---p 0018a000 08:05 4610                       /lib/x86_64-linux-gnu/libc-2.13.so
7f6c61f7b000-7f6c61f7f000 r--p 00189000 08:05 4610                       /lib/x86_64-linux-gnu/libc-2.13.so
7f6c61f7f000-7f6c61f80000 rw-p 0018d000 08:05 4610                       /lib/x86_64-linux-gnu/libc-2.13.so
7f6c61f80000-7f6c61f86000 rw-p 00000000 00:00 0 
7f6c61f86000-7f6c61f88000 r-xp 00000000 08:05 4620                       /lib/x86_64-linux-gnu/libdl-2.13.so
7f6c61f88000-7f6c62188000 ---p 00002000 08:05 4620                       /lib/x86_64-linux-gnu/libdl-2.13.so
7f6c62188000-7f6c62189000 r--p 00002000 08:05 4620                       /lib/x86_64-linux-gnu/libdl-2.13.so
7f6c62189000-7f6c6218a000 rw-p 00003000 08:05 4620                       /lib/x86_64-linux-gnu/libdl-2.13.so
7f6c6218a000-7f6c6218e000 r-xp 00000000 08:05 24519                      /usr/lib/jvm/java-6-openjdk/jre/lib/amd64/jli/libjli.so
7f6c6218e000-7f6c6238d000 ---p 00004000 08:05 24519                      /usr/lib/jvm/java-6-openjdk/jre/lib/amd64/jli/libjli.so
7f6c6238d000-7f6c6238e000 r--p 00003000 08:05 24519                      /usr/lib/jvm/java-6-openjdk/jre/lib/amd64/jli/libjli.so
7f6c6238e000-7f6c6238f000 rw-p 00004000 08:05 24519                      /usr/lib/jvm/java-6-openjdk/jre/lib/amd64/jli/libjli.so
7f6c6238f000-7f6c623a7000 r-xp 00000000 08:05 4675                       /lib/x86_64-linux-gnu/libpthread-2.13.so
7f6c623a7000-7f6c625a7000 ---p 00018000 08:05 4675                       /lib/x86_64-linux-gnu/libpthread-2.13.so
7f6c625a7000-7f6c625a8000 r--p 00018000 08:05 4675                       /lib/x86_64-linux-gnu/libpthread-2.13.so
7f6c625a8000-7f6c625a9000 rw-p 00019000 08:05 4675                       /lib/x86_64-linux-gnu/libpthread-2.13.so
7f6c625a9000-7f6c625ad000 rw-p 00000000 00:00 0 
7f6c625ad000-7f6c625c4000 r-xp 00000000 08:05 4693                       /lib/x86_64-linux-gnu/libz.so.1.2.3.4
7f6c625c4000-7f6c627c3000 ---p 00017000 08:05 4693                       /lib/x86_64-linux-gnu/libz.so.1.2.3.4
7f6c627c3000-7f6c627c4000 r--p 00016000 08:05 4693                       /lib/x86_64-linux-gnu/libz.so.1.2.3.4
7f6c627c4000-7f6c627c5000 rw-p 00017000 08:05 4693                       /lib/x86_64-linux-gnu/libz.so.1.2.3.4
7f6c627c5000-7f6c627e6000 r-xp 00000000 08:05 4597                       /lib/x86_64-linux-gnu/ld-2.13.so
7f6c627e6000-7f6c627e8000 r--s 00000000 08:05 165297                     /usr/share/eclipse/plugins/org.eclipse.ecf.provider.filetransfer.ssl_1.0.0.v20090831-1906.jar
7f6c627e8000-7f6c627eb000 r--s 00026000 08:05 166374                     /usr/lib/eclipse/plugins/org.eclipse.equinox.registry_3.4.100.v20090520-1800.jar
7f6c627eb000-7f6c627ed000 r--s 0000f000 08:05 166345                     /usr/lib/eclipse/plugins/org.eclipse.core.runtime_3.5.0.v20090525.jar
7f6c627ed000-7f6c627f0000 r--s 0000c000 08:05 166103                     /usr/lib/eclipse/plugins/org.eclipse.osgi.services_3.2.0.v20090520-1800.jar
7f6c627f0000-7f6c627f3000 r--s 0000f000 08:05 166335                     /usr/lib/eclipse/plugins/org.eclipse.equinox.util_1.0.100.v20090520-1800.jar
7f6c627f3000-7f6c627f6000 r--s 00026000 08:05 166381                     /usr/lib/eclipse/plugins/org.eclipse.equinox.ds_1.1.1.R35x_v20090806.jar
7f6c627f6000-7f6c627f9000 r--s 00015000 08:05 166344                     /usr/lib/eclipse/plugins/org.eclipse.equinox.common_3.5.1.R35x_v20090807-1100.jar
7f6c627f9000-7f6c627fb000 r--s 00007000 08:05 166356                     /usr/lib/eclipse/plugins/org.eclipse.equinox.simpleconfigurator_1.0.101.R35x_v20090807-1100.jar
7f6c627fb000-7f6c62805000 rw-p 00000000 00:00 0 
7f6c62805000-7f6c628bb000 rw-p 00000000 00:00 0 
7f6c628bb000-7f6c628be000 ---p 00000000 00:00 0 
7f6c628be000-7f6c629c1000 rw-p 00000000 00:00 0 
7f6c629c1000-7f6c629c2000 r--s 00004000 08:05 166373                     /usr/lib/eclipse/plugins/org.eclipse.core.runtime.compatibility.auth_3.2.100.v20090413.jar
7f6c629c2000-7f6c629d2000 r--s 00100000 08:05 166107                     /usr/lib/eclipse/plugins/org.eclipse.osgi_3.5.2.R35x_v20100126.jar
7f6c629d2000-7f6c629d8000 r--p 00000000 08:05 437366                     /usr/share/locale-langpack/de/LC_MESSAGES/gdk-pixbuf.mo
7f6c629d8000-7f6c629d9000 r--s 00001000 08:05 165278                     /usr/share/eclipse/plugins/org.eclipse.core.runtime.compatibility.registry_3.2.200.v20090429-1800/runtime_registry_compatibility.jar
7f6c629d9000-7f6c629e1000 rw-s 00000000 08:05 529760                     /tmp/hsperfdata_carcinoma/9217
7f6c629e1000-7f6c629e2000 rw-p 00000000 00:00 0 
7f6c629e2000-7f6c629e3000 r--p 00000000 00:00 0 
7f6c629e3000-7f6c629e5000 rw-p 00000000 00:00 0 
7f6c629e5000-7f6c629e6000 r--p 00020000 08:05 4597                       /lib/x86_64-linux-gnu/ld-2.13.so
7f6c629e6000-7f6c629e8000 rw-p 00021000 08:05 4597                       /lib/x86_64-linux-gnu/ld-2.13.so
7fff84853000-7fff8488a000 rw-p 00000000 00:00 0                          [stack]
7fff848c5000-7fff848c6000 r-xp 00000000 00:00 0                          [vdso]
ffffffffff600000-ffffffffff601000 r-xp 00000000 00:00 0                  [vsyscall]

VM Arguments:
jvm_args: -Xms128m -Xmx512m -Dorg.eclipse.equinox.p2.reconciler.dropins.directory=/usr/share/eclipse/dropins -XX:MaxPermSize=256m 
java_command: /usr/lib/eclipse//plugins/org.eclipse.equinox.launcher_1.0.201.R35x_v20090715.jar -os linux -ws gtk -arch x86_64 -showsplash -launcher /usr/lib/eclipse/eclipse -name Eclipse --launcher.library /usr/lib/eclipse//plugins/org.eclipse.equinox.launcher.gtk.linux.x86_64_1.0.200.v20090519/eclipse_1208.so -startup /usr/lib/eclipse//plugins/org.eclipse.equinox.launcher_1.0.201.R35x_v20090715.jar -exitdata 28000b --clean -vm /usr/bin/java -vmargs -Xms128m -Xmx512m -Dorg.eclipse.equinox.p2.reconciler.dropins.directory=/usr/share/eclipse/dropins -XX:MaxPermSize=256m -jar /usr/lib/eclipse//plugins/org.eclipse.equinox.launcher_1.0.201.R35x_v20090715.jar
Launcher Type: SUN_STANDARD

Environment Variables:
JAVA_HOME=/usr/lib/jvm/java-6-sun-1.6.0.20
PATH=/home/carcinoma/bin:/home/carcinoma/bin:/usr/local/sbin:/usr/local/bin:/usr/sbin:/usr/bin:/sbin:/bin:/usr/games:/usr/lib/jvm/java-6-sun-1.6.0.20/bin:/usr/share/ant/bin:/usr/lib/jvm/java-6-sun-1.6.0.20/bin:/usr/share/ant/bin
USERNAME=carcinoma
LD_LIBRARY_PATH=/usr/lib/jvm/java-6-openjdk/jre/lib/amd64/server:/usr/lib/jvm/java-6-openjdk/jre/lib/amd64:/usr/lib/jvm/java-6-openjdk/jre/../lib/amd64:/usr/lib/xulrunner-1.9.2.17
SHELL=/bin/bash
DISPLAY=:0

Signal Handlers:
SIGSEGV: [libjvm.so+0x7d0f20], sa_mask[0]=0x7ffbfeff, sa_flags=0x10000004
SIGBUS: [libjvm.so+0x7d0f20], sa_mask[0]=0x7ffbfeff, sa_flags=0x10000004
SIGFPE: [libjvm.so+0x683720], sa_mask[0]=0x7ffbfeff, sa_flags=0x10000004
SIGPIPE: SIG_IGN, sa_mask[0]=0x00001000, sa_flags=0x10000000
SIGXFSZ: [libjvm.so+0x683720], sa_mask[0]=0x7ffbfeff, sa_flags=0x10000004
SIGILL: [libjvm.so+0x683720], sa_mask[0]=0x7ffbfeff, sa_flags=0x10000004
SIGUSR1: SIG_DFL, sa_mask[0]=0x00000000, sa_flags=0x00000000
SIGUSR2: [libjvm.so+0x6838f0], sa_mask[0]=0x00000000, sa_flags=0x10000004
SIGHUP: [libjvm.so+0x686290], sa_mask[0]=0x7ffbfeff, sa_flags=0x10000004
SIGINT: [libjvm.so+0x686290], sa_mask[0]=0x7ffbfeff, sa_flags=0x10000004
SIGTERM: [libjvm.so+0x686290], sa_mask[0]=0x7ffbfeff, sa_flags=0x10000004
SIGQUIT: [libjvm.so+0x686290], sa_mask[0]=0x7ffbfeff, sa_flags=0x10000004


---------------  S Y S T E M  ---------------

OS:Ubuntu 11.04 (natty)
uname:Linux 2.6.38-8-generic #42-Ubuntu SMP Mon Apr 11 03:31:24 UTC 2011 x86_64
libc:glibc 2.13 NPTL 2.13 
rlimit: STACK 8192k, CORE 0k, NPROC infinity, NOFILE 4096, AS infinity
load average:1,55 1,60 1,45

/proc/meminfo:
MemTotal:        1913388 kB
MemFree:          197232 kB
Buffers:          137360 kB
Cached:           361540 kB
SwapCached:         2200 kB
Active:          1098124 kB
Inactive:         333732 kB
Active(anon):     903164 kB
Inactive(anon):   128440 kB
Active(file):     194960 kB
Inactive(file):   205292 kB
Unevictable:          32 kB
Mlocked:              32 kB
SwapTotal:       5118972 kB
SwapFree:        5049464 kB
Dirty:               568 kB
Writeback:             0 kB
AnonPages:        931164 kB
Mapped:            64440 kB
Shmem:             98680 kB
Slab:             173632 kB
SReclaimable:     145112 kB
SUnreclaim:        28520 kB
KernelStack:        3480 kB
PageTables:        28536 kB
NFS_Unstable:          0 kB
Bounce:                0 kB
WritebackTmp:          0 kB
CommitLimit:     6075664 kB
Committed_AS:    3143884 kB
VmallocTotal:   34359738367 kB
VmallocUsed:      565096 kB
VmallocChunk:   34359098232 kB
HardwareCorrupted:     0 kB
HugePages_Total:       0
HugePages_Free:        0
HugePages_Rsvd:        0
HugePages_Surp:        0
Hugepagesize:       2048 kB
DirectMap4k:       88064 kB
DirectMap2M:     1869824 kB


CPU:total 4 (2 cores per cpu, 2 threads per core) family 6 model 37 stepping 2, cmov, cx8, fxsr, mmx, sse, sse2, sse3, ssse3, sse4.1, sse4.2, popcnt, ht

Memory: 4k page, physical 1913388k(197232k free), swap 5118972k(5049464k free)

vm_info: OpenJDK 64-Bit Server VM (20.0-b11) for linux-amd64 JRE (1.6.0_22-b22), built on Apr  5 2011 14:40:17 by "buildd" with gcc 4.5.2

time: Tue May  3 22:55:08 2011
elapsed time: 5 seconds

